4094 2 5
4 -0.069114 0.692777
1 0.747793 -0.761665
2 0.760492 -0.483351
2 0.202362 -0.509973
1 -0.479941 -0.102237
2 0.180540 -0.616574
3 0.455736 0.005211
4 -0.297433 -0.043571
3 0.021530 -0.277138
4 0.174067 -0.296865
5 0.979802 0.634022
4 0.133069 0.898167
4 0.018456 -0.824989
3 0.176229 0.377373
2 -0.455081 -0.586216
3 -0.424802 0.594324
1 -0.335630 0.566413
2 -0.223909 -0.731020
2 0.241873 0.806862
1 -0.093004 0.497281
1 -0.579075 0.477084
3 -0.339664 0.126505
2 -0.378271 -0.338687
3 0.616124 -0.646105
3 0.100545 -0.101186
3 -0.484566 0.990364
4 -0.686250 0.171087
4 0.117276 0.947178
4 0.393584 0.705403
2 -0.607246 -0.387601
3 -0.904940 0.549676
4 0.947739 -0.789988
2 0.698586 0.348094
5 -0.859205 0.480570
5 0.960378 0.097467
2 -0.289903 0.612902
3 0.570492 0.926652
2 0.997301 0.560280
2 0.209441 -0.046135
5 -0.771556 0.346619
1 -0.255271 0.958031
3 -0.261903 0.905771
2 -0.109325 -0.879291
3 0.704567 -0.222144
3 -0.127647 0.254586
1 0.455306 0.964683
5 -0.971376 -0.948472
2 -0.194268 -0.951171
4 0.530019 0.258270
4 0.959708 0.486715
1 0.518149 -0.252204
4 0.142618 -0.997755
2 0.493451 -0.107079
1 0.192379 -0.402512
5 -0.111772 0.469841
1 0.165193 0.441500
5 -0.912236 0.470124
5 -0.063013 -0.724144
4 0.346491 -0.677773
1 -0.290141 -0.718064
3 -0.547449 -0.683563
4 -0.846725 0.975407
5 -0.723879 0.468858
1 0.036029 -0.338763
1 -0.426207 -0.934182
4 0.366143 0.231011
4 -0.360471 0.318776
5 0.964443 -0.744237
4 0.854538 -0.881394
1 0.002904 0.344818
4 -0.329312 0.797369
3 -0.430083 -0.533004
5 -0.012257 0.259470
4 -0.701510 -0.704501
3 -0.793275 0.385644
1 -0.382495 0.268139
5 -0.530214 0.907669
3 -0.691458 -0.611536
3 -0.060493 -0.240645
5 0.376348 -0.721389
3 0.127828 -0.050701
4 0.195746 -0.964432
1 0.755422 0.023311
1 0.267605 0.321801
2 -0.526270 -0.955122
1 0.229320 0.178736
5 -0.751374 0.648522
1 -0.413292 -0.526584
3 -0.786742 0.412924
3 0.442062 0.305624
1 -0.467964 -0.566548
5 0.419379 -0.854450
4 0.290071 0.900973
2 0.903881 0.684930
4 0.845894 -0.841340
4 -0.342801 0.387981
5 0.252996 -0.847041
4 -0.727187 -0.260332
1 0.681095 -0.047074
2 -0.634916 -0.088660
1 0.327684 0.443376
3 0.755936 0.379107
1 -0.780244 -0.330821
4 0.706887 0.089412
4 0.032172 0.451659
5 -0.597664 -0.374790
3 0.467587 0.878206
2 -0.302287 -0.332628
2 -0.598745 -0.135181
5 0.517721 0.229904
5 0.939811 0.073940
3 0.311705 0.346228
3 -0.170850 0.565984
4 -0.236080 0.789224
3 0.867269 -0.178604
2 0.645630 0.740084
3 -0.188028 0.207672
1 -0.352375 0.905385
3 0.739299 -0.693360
3 0.783898 -0.659287
4 0.256190 -0.719476
1 -0.311791 -0.891419
5 0.499336 -0.062268
1 0.495994 -0.781996
5 0.614769 -0.914727
2 -0.331150 -0.752745
1 -0.651858 0.575579
5 -0.578007 -0.776795
2 0.679567 0.962504
4 0.801961 -0.737246
2 0.154259 0.518944
3 -0.386798 -0.276494
5 -0.097979 -0.777158
4 0.789528 -0.764811
3 0.949908 0.849958
4 0.448036 -0.481192
4 -0.313752 0.383303
4 0.132133 -0.678352
1 0.999754 -0.482433
2 0.690368 -0.680471
1 -0.761954 0.473788
3 0.066249 -0.913010
4 -0.996967 0.505363
3 -0.089747 0.294892
2 0.519125 0.761152
2 0.245975 0.209188
3 -0.296271 0.895436
1 -0.746586 0.543921
1 -0.973696 -0.939972
3 -0.721950 -0.733252
2 0.308902 -0.495206
3 0.858699 0.571043
5 0.132002 -0.909572
4 0.144500 0.000681
3 0.908538 0.036159
2 -0.477465 -0.717866
5 -0.828308 0.502215
3 0.720504 0.755629
5 0.590964 -0.701715
5 -0.504657 -0.423665
3 0.202900 0.885238
2 -0.583051 -0.739711
3 0.717988 0.392292
1 0.040743 0.053144
5 0.658390 -0.038318
1 -0.446459 -0.999431
2 0.174232 -0.827739
3 0.690360 -0.590883
4 -0.733239 -0.999919
5 -0.096810 -0.504575
2 0.806367 -0.785323
5 0.730690 -0.368374
5 0.226057 -0.650386
4 0.328205 0.390358
3 -0.052614 0.565100
2 0.602726 -0.365006
2 0.056552 -0.674422
5 -0.471054 -0.467710
3 0.756970 -0.200949
1 0.799631 -0.781407
3 -0.581373 -0.458688
2 0.439214 -0.211645
3 -0.279910 -0.985588
5 0.909610 0.858969
5 -0.847726 -0.193645
2 0.356620 -0.074567
3 0.077888 -0.501662
2 0.487770 0.027284
2 0.790417 0.300606
1 0.125849 0.100237
1 0.473059 -0.964783
4 -0.965055 0.990783
4 0.228458 -0.289127
3 0.804289 -0.379517
3 0.770478 -0.227243
5 -0.665529 -0.354271
1 0.533459 0.723618
4 0.058025 0.211388
5 0.631233 0.518157
2 0.003493 0.160358
1 0.110699 -0.366583
5 -0.724431 -0.331637
3 -0.771206 -0.586827
3 -0.803569 -0.782538
3 -0.460610 -0.495708
2 -0.794943 0.355115
2 -0.203843 -0.111426
2 -0.598053 -0.537049
2 0.035021 -0.389463
1 0.485054 0.614030
4 0.035325 0.241081
2 0.653516 -0.966998
2 0.746139 -0.738204
5 0.582338 -0.025420
4 -0.960979 0.513970
3 0.784812 -0.764621
3 -0.307315 0.031536
5 0.324176 0.433483
3 -0.800241 -0.015143
5 -0.406501 -0.530089
3 -0.336050 0.505236
1 0.367818 0.675105
4 -0.259951 0.421244
2 0.041805 0.519934
2 -0.922625 0.558955
5 -0.866411 0.343768
4 0.544918 -0.447195
3 0.844822 0.876982
3 0.124030 -0.406907
5 0.530126 0.186593
2 0.550253 0.850543
5 0.327814 0.734713
5 0.138377 -0.525238
1 0.727088 -0.967081
1 0.806732 -0.889706
3 0.400346 -0.239765
3 0.745691 -0.694847
4 0.122573 -0.333672
1 -0.550709 -0.693290
4 0.277217 0.836836
4 -0.424945 0.387090
4 0.378130 -0.285096
2 -0.627339 -0.630367
1 0.304789 -0.386927
5 0.756851 -0.580195
1 0.767868 -0.663497
1 0.639006 -0.917805
5 -0.937051 0.721120
3 -0.119774 -0.313237
3 -0.709404 0.963981
1 -0.112440 -0.460964
1 -0.632230 -0.566482
2 0.066342 0.322532
2 0.272379 -0.372679
1 -0.005016 -0.615828
3 0.344234 -0.847960
4 -0.029928 -0.692602
1 -0.098937 -0.629653
1 -0.017970 0.250573
5 0.886059 -0.942478
3 -0.373076 -0.054918
1 0.271232 0.829204
5 -0.369557 0.411898
2 -0.124360 -0.315722
5 -0.749738 0.679262
4 -0.438959 0.539848
4 0.208324 0.026272
3 -0.545846 0.927335
2 0.937457 -0.090635
3 0.591171 0.311776
5 0.725218 0.938701
4 -0.085347 0.209933
3 0.053959 -0.643272
2 -0.484203 0.748720
5 0.121308 -0.484666
4 -0.889009 0.076376
4 0.252715 -0.198948
2 0.218189 0.771559
2 0.554010 0.709016
5 -0.826891 0.816539
1 -0.666622 -0.941891
4 0.955081 0.489114
4 0.405989 0.059426
3 -0.214853 0.575223
3 -0.667769 -0.303468
3 -0.408719 0.323875
1 -0.609821 -0.423410
5 0.215350 -0.688869
4 0.967857 -0.618506
2 -0.853919 -0.445397
1 -0.847567 -0.112018
2 -0.902513 0.359415
2 0.768825 -0.234596
3 0.796892 0.550551
3 -0.909968 -0.600866
2 -0.101494 -0.009585
3 0.299708 0.380595
5 -0.498038 0.112297
4 0.475776 0.080154
3 0.191309 0.742587
3 -0.276618 0.895021
2 -0.686437 -0.491140
3 0.909211 -0.722315
2 -0.435715 -0.409070
1 -0.205417 0.197314
2 -0.245884 -0.904180
3 -0.962475 0.395528
5 0.897525 0.897490
2 0.101360 0.889618
4 -0.829663 0.080928
3 -0.173379 0.804310
1 -0.629112 -0.365775
1 0.274570 -0.456563
4 0.460008 0.107722
4 0.712350 -0.581343
3 -0.636173 0.689126
5 -0.477929 0.726651
5 -0.939090 -0.859472
5 0.228398 0.241888
1 0.992393 0.928577
1 -0.501024 -0.244801
3 0.416931 0.126087
3 0.360099 -0.599343
2 0.580952 -0.622983
2 -0.607265 -0.910632
4 -0.081816 -0.546805
2 -0.944195 -0.024734
4 -0.411046 0.552528
4 0.019593 0.297278
3 -0.627445 0.289672
5 -0.193555 -0.695000
1 0.560997 -0.761717
3 0.466127 0.598382
2 0.914693 0.179334
5 0.987334 -0.911579
5 -0.005015 0.522957
5 0.691761 0.578762
3 -0.368459 -0.832284
3 0.711850 0.703662
3 -0.449601 -0.923783
5 -0.198827 0.399015
2 -0.160149 0.476364
1 0.488263 -0.057509
3 0.570037 0.373537
5 -0.971172 0.360871
1 -0.423013 -0.644144
1 0.578341 -0.436030
3 -0.412335 0.195511
5 0.149517 -0.092639
4 -0.958649 0.974112
1 0.706506 0.291638
3 -0.290636 -0.868511
3 0.434154 -0.863896
1 -0.726321 0.706141
3 -0.707462 0.734969
2 -0.083830 -0.688044
5 0.062760 -0.593351
5 0.304465 -0.005686
2 0.713886 -0.339817
5 0.826969 -0.298465
3 -0.467379 -0.075607
1 -0.362711 -0.849891
2 -0.265327 0.584264
1 0.774548 -0.625705
3 -0.295687 -0.333167
4 -0.005051 -0.900645
1 -0.842207 0.678468
2 -0.599040 -0.017067
4 0.323286 0.213171
4 -0.814323 0.040140
1 0.022181 0.572761
1 0.150323 -0.789950
1 0.409954 0.461075
5 -0.677958 0.235624
5 -0.576081 -0.543711
5 0.293469 0.451238
2 -0.525024 -0.874617
5 -0.936867 -0.473657
5 0.161956 -0.634019
1 0.953666 0.068011
3 0.446912 -0.909808
5 -0.619098 0.756868
2 0.465002 0.683174
3 -0.350282 -0.994784
4 0.692377 -0.054513
3 -0.565427 -0.761043
3 0.276125 -0.286067
3 -0.687504 0.293418
2 -0.151847 -0.028274
5 -0.403020 -0.074607
1 0.385948 -0.627695
1 -0.735971 0.269559
4 0.352160 -0.265438
5 -0.582281 0.384280
2 -0.281098 0.593010
1 0.992726 -0.972417
5 0.234140 0.303708
4 -0.399062 -0.867443
4 0.010431 -0.019290
1 0.785905 0.577690
4 0.629391 -0.036362
1 -0.920579 0.227667
5 -0.197329 0.096180
4 0.209095 0.513899
5 -0.862912 -0.250846
2 -0.989431 0.258232
5 0.155710 -0.507627
1 -0.501567 0.609663
3 -0.832721 -0.379906
5 -0.708501 -0.077649
5 0.857464 -0.448258
1 -0.687914 0.147515
5 0.519915 0.950186
2 -0.504989 0.675634
4 -0.145613 0.812722
3 -0.193227 -0.660357
5 -0.213258 0.495354
5 0.103124 -0.489861
5 0.552063 -0.322582
4 -0.018288 0.485269
1 -0.494596 0.342733
5 -0.007266 0.654819
1 0.740435 0.691087
4 -0.899331 -0.297550
3 0.974802 0.556837
3 -0.401911 -0.636390
1 -0.004040 0.666704
2 -0.597443 -0.230171
4 0.418816 -0.678108
2 0.571522 0.303605
4 -0.353421 -0.674639
4 -0.726622 0.834447
1 0.564045 0.574882
3 -0.195101 0.675551
5 0.721386 0.650353
2 -0.033052 -0.235206
2 0.068506 -0.722893
3 -0.334583 -0.320336
2 0.288820 -0.901520
2 0.105994 -0.813646
4 -0.591563 -0.167067
5 -0.913683 0.106312
2 0.419017 0.186709
1 -0.040844 0.991608
5 0.201745 0.712995
3 0.001171 0.196295
5 0.680559 -0.735199
2 -0.973348 0.446571
1 0.658925 0.251743
3 0.613091 -0.125911
3 0.903566 0.798878
3 -0.996950 0.885196
5 -0.546667 0.304213
2 -0.521501 -0.736630
5 -0.304432 0.465115
2 0.079342 -0.017361
3 -0.255737 -0.336802
1 -0.830061 0.206202
4 -0.208369 -0.134872
3 0.511804 -0.005429
2 -0.065317 -0.101862
1 0.190495 0.417540
2 0.068972 -0.612774
5 -0.865842 -0.134275
2 0.190952 -0.922355
3 -0.006554 0.673339
2 0.475883 -0.582397
2 0.255825 -0.412458
2 -0.517661 0.379174
5 -0.039404 0.407330
3 -0.170706 -0.657987
3 0.980519 -0.951140
1 0.533292 0.117832
2 -0.609721 0.251990
4 0.510635 -0.040705
4 -0.903893 0.952741
3 -0.819430 0.944976
1 0.444584 0.200801
4 0.914800 -0.800508
5 0.766496 0.676440
5 -0.387237 -0.494265
5 0.389873 0.002606
5 0.584523 0.052251
5 -0.317249 0.442530
5 -0.353296 -0.046835
2 -0.311698 0.565625
5 -0.080409 -0.737453
3 0.568484 0.707131
2 -0.195081 0.621931
4 0.420528 0.388427
5 0.959819 -0.482457
2 -0.158877 -0.576232
3 -0.712361 -0.475357
4 -0.148012 0.207394
1 0.184680 0.854098
2 -0.006982 0.058752
4 -0.245902 -0.505305
1 -0.023495 -0.936821
3 -0.083934 -0.131902
1 0.571472 -0.195022
4 0.386966 -0.235203
4 -0.775453 -0.877728
2 -0.418914 -0.590088
5 0.989877 0.261900
4 -0.158803 -0.037068
4 0.162035 0.955951
3 0.048498 -0.289951
5 0.713861 -0.797094
5 0.570003 0.635325
5 0.564428 0.206797
4 0.463633 0.110115
1 0.880381 0.851014
1 -0.279103 -0.567900
3 -0.397592 -0.061671
5 0.691313 -0.704121
5 -0.365684 0.457914
1 0.668775 0.022765
2 0.197930 -0.263374
3 0.306616 -0.693371
5 -0.200248 -0.612591
2 -0.418485 -0.632605
4 0.644428 -0.752224
3 -0.170387 0.485026
1 -0.058938 -0.396214
5 -0.169237 -0.704900
4 0.683397 -0.070584
1 -0.508018 0.114544
1 0.043320 -0.171174
4 0.797565 -0.348206
5 -0.812866 0.451546
4 -0.700147 -0.966938
4 0.522686 -0.806158
3 -0.403466 0.539807
1 -0.381166 -0.519131
2 -0.904185 0.827984
2 0.352324 0.511382
1 0.099451 -0.480284
2 0.869343 0.563037
3 0.375861 0.360602
2 0.705360 -0.935912
5 -0.061380 -0.636059
4 -0.977076 0.886628
1 -0.612292 -0.516838
3 -0.246130 0.101996
4 0.207466 0.197811
1 -0.527485 0.066487
5 0.183332 -0.317710
1 0.008693 -0.448367
5 0.662880 0.927494
4 0.485213 0.632854
3 0.275444 -0.428525
4 0.098738 0.110751
2 0.115873 -0.985189
1 0.189168 -0.231319
4 -0.740317 -0.507501
3 0.674535 -0.034986
5 -0.399231 -0.851654
3 -0.436928 0.673391
1 -0.911589 0.852623
3 -0.992943 0.337836
4 0.473439 -0.386719
1 0.820114 -0.771629
2 -0.946582 0.860596
5 -0.230117 0.049764
3 0.104697 0.825800
3 0.153674 0.500335
4 -0.214510 -0.382543
3 0.615949 0.180529
4 -0.518310 0.785292
3 -0.692371 0.792349
1 0.766422 0.782140
4 -0.686957 0.602255
5 -0.513234 -0.827975
2 0.191653 0.458260
3 -0.334780 -0.437043
5 -0.368713 -0.767017
1 -0.921279 0.534826
3 -0.292795 0.667127
4 -0.507272 -0.334831
1 -0.352773 -0.027202
1 -0.860437 -0.260779
1 0.277883 0.568616
3 -0.871777 -0.944618
3 0.355511 0.247035
4 0.632563 -0.571392
3 -0.748232 0.059895
4 -0.112340 0.654968
2 -0.858991 -0.637827
4 -0.425113 0.371254
4 -0.205943 -0.981519
4 0.321929 -0.325604
5 0.631942 0.952280
3 0.544209 -0.403145
3 -0.855146 0.952366
5 -0.796241 -0.898719
3 0.341973 -0.130599
4 -0.286829 -0.726587
4 -0.348101 -0.585578
5 -0.742245 0.505661
1 -0.471220 -0.183929
4 0.772603 -0.862000
1 -0.728000 0.769942
3 -0.659988 0.830504
3 -0.020241 0.975358
1 0.382894 -0.820883
4 -0.785364 0.521090
1 -0.377374 -0.249386
4 0.201937 0.918865
4 -0.856579 -0.823380
5 0.488863 -0.294600
3 -0.147214 -0.521996
4 0.407458 0.266356
3 0.914410 0.606368
2 0.534569 -0.413872
2 0.623446 -0.514626
4 0.813605 -0.299990
2 -0.126835 0.838989
3 -0.277510 0.040926
3 -0.013762 0.700699
1 0.272000 0.189562
3 -0.626168 -0.957652
2 -0.869983 0.449807
5 -0.827503 0.880569
4 0.529128 0.415139
4 0.377470 0.038585
3 0.921280 0.368542
5 -0.497467 -0.758293
4 0.834400 0.480550
2 0.601485 -0.533212
1 0.545190 -0.744860
5 -0.289353 0.145325
4 -0.129539 0.791694
3 -0.703370 0.964191
4 0.845520 0.493320
5 0.980538 0.387142
3 -0.399070 0.308422
5 -0.562315 -0.672692
5 -0.370220 -0.838292
5 0.862802 -0.720455
5 -0.203478 -0.658913
1 0.436157 0.051735
3 -0.365508 -0.561452
2 0.798986 0.251530
1 -0.155951 0.097051
3 -0.663044 0.077589
5 -0.131552 -0.805128
4 -0.231518 -0.367443
4 0.426576 0.262337
3 0.565220 0.125139
5 -0.312995 -0.561986
3 -0.419718 -0.609477
5 -0.864764 0.025015
3 0.481884 0.340353
5 -0.207276 -0.299246
1 -0.886764 0.037710
3 0.337242 0.906158
5 -0.613977 -0.325359
2 0.762111 -0.382431
1 0.816260 -0.817210
3 -0.850045 0.386147
2 0.341089 -0.517219
5 0.583958 -0.381983
2 -0.734625 -0.900099
2 -0.285326 0.408978
1 -0.222623 -0.961434
2 0.917669 0.892161
5 0.252833 -0.205464
3 0.736906 0.072999
3 0.483316 -0.110740
5 0.387570 0.555567
2 0.213486 0.413008
3 0.946277 -0.003034
2 -0.779565 0.778693
3 0.834946 0.009719
3 -0.849788 0.787096
5 -0.980460 -0.778883
1 0.278674 0.473950
2 0.728802 0.727208
1 0.312851 0.210525
3 0.079690 0.114447
2 -0.767324 -0.672066
5 -0.615205 -0.209437
1 0.154931 0.527351
1 -0.458680 0.362297
1 0.336688 -0.971139
2 -0.313026 -0.951599
5 0.413069 0.843428
2 0.450052 -0.911418
1 -0.956318 0.401433
3 -0.440723 -0.518877
5 0.146790 0.230151
1 -0.369040 0.614946
5 0.628447 0.286229
3 -0.595372 0.827549
5 -0.809472 0.680589
4 -0.720124 -0.632437
2 -0.926010 -0.703016
5 -0.625241 0.747036
2 0.886384 -0.692929
5 0.641238 0.382700
5 -0.489461 -0.470510
1 0.707775 0.160450
2 -0.788074 0.305250
3 -0.756572 0.709878
5 -0.846421 -0.583242
4 -0.391056 -0.303366
5 0.112711 0.286977
1 0.976257 0.661736
3 -0.587966 -0.935528
1 -0.234405 0.705710
1 -0.883368 -0.783751
3 -0.818533 -0.559624
4 -0.622399 -0.347698
1 0.859963 0.412082
4 0.686227 -0.917986
2 0.709433 -0.309042
1 -0.383446 0.803669
3 0.820659 0.779927
1 -0.228199 -0.291687
3 0.062718 0.990260
5 -0.263665 -0.893108
2 -0.060557 -0.195288
3 -0.180647 0.182313
3 -0.995487 0.558628
2 -0.100449 0.244856
1 -0.272301 0.470641
5 0.252481 -0.912805
1 -0.452111 0.907854
5 -0.462264 0.196008
3 -0.924296 -0.741274
1 0.835733 0.511414
3 -0.671636 -0.549143
2 0.777724 0.270210
5 -0.604262 0.274723
4 -0.574166 -0.309374
2 -0.462055 0.418325
5 0.857366 -0.329194
5 -0.019544 0.735047
1 -0.600174 -0.727216
4 0.043860 -0.135160
3 0.678155 -0.299427
4 -0.064305 0.545290
1 -0.002054 0.839366
3 -0.241137 -0.764896
1 -0.921592 0.177290
4 0.159161 0.715235
4 0.710555 0.572601
2 -0.650856 0.069410
2 0.928291 0.985588
1 -0.296553 0.029448
1 -0.746319 0.223956
1 0.315329 -0.840349
3 -0.172166 0.673949
1 -0.873099 -0.050836
5 0.217043 0.027572
1 -0.002189 -0.813267
3 -0.286744 -0.586360
2 0.615859 0.279136
4 -0.746490 0.207428
2 0.680297 0.910875
5 0.971924 -0.835444
1 -0.035875 0.479885
4 -0.465681 -0.175929
1 0.943880 0.467324
5 -0.895104 -0.315633
5 0.443203 -0.801470
5 -0.503254 -0.088214
1 -0.844406 -0.472355
4 -0.116148 0.297508
2 0.597698 -0.022195
4 0.857344 -0.050270
2 0.340947 -0.569793
4 -0.015800 0.480878
5 0.334107 0.424758
4 -0.366821 -0.953993
3 0.476175 0.489210
3 -0.494096 -0.497692
1 -0.534374 -0.342098
2 0.704485 -0.941894
2 -0.332877 0.655804
2 0.540637 -0.970499
4 0.611410 0.370448
3 0.162069 -0.129000
2 -0.946850 -0.794892
2 -0.588444 -0.161713
4 0.454328 -0.685538
2 0.211983 0.336718
5 0.881423 0.802345
5 0.594861 -0.976818
3 -0.394193 0.206657
5 0.110911 -0.252706
1 -0.434256 -0.124943
4 -0.032863 -0.962874
4 0.365760 -0.393372
2 0.189141 0.018184
1 0.574882 -0.011135
5 0.449833 -0.799152
4 -0.656556 -0.401377
1 -0.588690 -0.806515
5 -0.462717 0.315644
2 -0.164588 -0.573445
4 0.163042 -0.007700
1 -0.138880 -0.524211
4 0.946550 0.841549
2 -0.279263 0.547042
2 0.365914 0.121924
4 -0.674446 0.088109
4 0.138264 0.431554
2 0.753319 -0.640784
4 0.424260 -0.103501
4 0.785506 -0.751737
4 0.410399 0.411305
1 -0.573299 -0.211223
2 0.480129 -0.264672
3 0.140186 0.972417
1 -0.665221 0.854683
5 0.034589 -0.819763
5 0.935247 0.834853
1 0.950880 -0.895476
2 -0.840001 0.528784
2 -0.798886 0.830643
2 -0.331216 0.241042
3 -0.354893 -0.815904
2 0.097218 0.664225
2 0.907231 0.320763
1 -0.735714 -0.828106
5 -0.740383 0.722835
4 0.343058 0.658082
3 0.858053 -0.874685
4 0.248617 -0.714686
4 0.535680 0.002780
2 -0.928994 0.671564
1 -0.982362 -0.166977
2 0.785752 0.930242
5 -0.194455 -0.646175
5 0.797756 0.134463
2 0.161002 0.394080
2 -0.295515 0.253491
5 -0.400826 0.111544
2 -0.401612 -0.639839
1 -0.357262 0.895841
3 -0.998621 0.966848
4 0.633766 -0.499162
3 0.450250 -0.197058
5 -0.069041 0.608488
2 -0.234865 0.922596
5 -0.228794 0.083598
2 -0.499887 -0.695565
3 -0.596546 0.419962
5 -0.567890 -0.465298
3 0.262432 0.177440
2 0.611886 0.695171
5 0.632904 0.845289
5 -0.513054 0.295539
5 0.787582 -0.257150
3 0.442043 0.507986
4 -0.252681 -0.720808
4 0.446676 0.295657
4 0.915875 -0.784537
1 0.496619 0.163925
5 0.953877 -0.057291
5 0.339680 -0.445405
3 -0.307669 -0.812500
3 -0.454180 -0.325554
4 -0.765044 -0.537971
5 0.016228 -0.579576
1 -0.763552 0.167744
5 0.056618 0.130772
5 0.664872 0.046647
3 -0.790561 0.059619
4 0.288709 0.529848
5 -0.938230 -0.130472
1 0.046355 0.561859
1 0.876229 -0.375969
4 -0.998358 -0.141012
3 -0.130094 -0.608432
5 0.762508 0.144369
4 -0.065697 -0.799013
1 0.918107 -0.617789
5 0.633726 0.108003
1 -0.486729 -0.086936
4 -0.664474 0.491186
2 -0.287624 -0.462459
3 0.793078 -0.069878
5 0.548226 -0.068235
5 0.765404 -0.681977
3 -0.080642 -0.919468
4 0.757408 0.531187
2 0.726230 0.449294
5 0.258051 0.599372
3 0.849492 -0.887356
2 0.970780 -0.035478
4 0.477949 0.676898
2 0.063328 0.469976
5 -0.243613 0.018202
2 -0.658862 0.299958
5 -0.682542 -0.264332
2 0.438146 0.009428
1 0.276174 -0.264342
5 0.496414 -0.489938
5 -0.175344 -0.640446
1 0.582315 -0.669666
3 0.831160 -0.675365
3 -0.382454 0.387964
4 -0.665945 -0.339297
3 -0.984967 0.001842
4 0.497683 0.319300
4 0.577216 -0.242554
5 0.187937 -0.966379
5 -0.235697 -0.953613
2 0.940042 -0.128957
1 0.744777 -0.030290
3 0.030386 -0.199130
3 0.992893 0.418417
2 -0.058272 -0.731176
3 -0.091234 -0.716142
5 0.208466 -0.702107
5 -0.239814 0.875109
3 0.321335 0.063046
1 0.134495 -0.656298
3 0.457716 -0.199904
4 -0.859508 -0.455126
4 -0.813694 0.575260
5 -0.959597 -0.915494
4 0.798817 0.026234
5 -0.782066 -0.548648
5 0.638893 0.659818
3 -0.104496 -0.579995
5 0.425913 -0.742308
3 0.989944 0.392187
5 -0.399639 0.366256
2 0.114526 0.506748
3 -0.917950 0.693054
5 -0.633204 -0.750191
1 -0.413689 -0.951374
1 0.591002 -0.217088
3 -0.120448 -0.061843
4 -0.017654 0.833661
1 -0.039750 0.775927
3 -0.482447 0.765871
1 -0.581443 -0.117416
4 0.636010 0.997111
4 0.398337 -0.404487
5 0.252277 0.478661
4 0.707074 -0.418676
3 -0.328246 -0.827674
5 -0.395861 0.051878
5 -0.803658 -0.965775
3 -0.275098 0.510827
5 0.511154 -0.971620
1 -0.794054 -0.036710
1 -0.733006 -0.400700
4 -0.648858 -0.486010
4 -0.355304 -0.717381
5 0.704412 0.989693
1 -0.187246 -0.338552
2 0.220360 0.265587
3 -0.433876 0.461929
5 -0.738098 -0.296817
2 0.733606 -0.785663
3 0.487534 -0.063364
5 -0.875954 0.203630
5 -0.242331 -0.928875
2 -0.496843 0.232173
1 -0.756342 -0.063415
5 -0.434517 0.749339
5 0.575986 0.486052
4 0.638368 -0.947824
3 -0.748673 -0.169570
3 -0.108534 -0.435963
5 0.043633 -0.948429
3 0.191794 -0.824383
1 0.939255 0.449638
1 0.200707 -0.530853
4 -0.255223 0.229157
5 -0.205107 -0.689008
1 0.506457 0.886978
3 0.999960 0.525347
2 -0.528256 -0.706974
2 0.646711 0.184492
4 0.552368 -0.255523
2 -0.605340 0.936271
1 0.473287 -0.608121
1 -0.893313 0.592586
5 -0.511387 -0.662637
2 0.807124 0.648609
4 -0.125026 0.155066
5 0.945229 0.155027
4 0.067660 0.626771
5 0.536873 0.789835
5 -0.429876 0.342203
4 0.654945 -0.746785
3 0.948088 0.726503
2 0.690868 -0.650458
3 -0.064500 -0.161845
3 -0.107064 0.161631
2 0.677717 -0.447042
4 -0.650524 -0.501813
3 0.062934 -0.917801
1 -0.414230 0.619072
3 0.809451 -0.810804
3 0.777610 -0.639506
4 -0.801608 -0.691418
4 0.011053 -0.484198
3 0.932652 0.967654
1 0.191614 -0.139409
2 -0.384462 0.054660
5 0.194528 0.920488
4 -0.071455 -0.016578
5 0.322037 -0.914456
3 0.505365 0.894996
1 0.547247 0.672606
5 -0.641303 -0.612650
4 0.413002 0.398403
4 -0.183150 0.331055
3 0.575205 0.039021
1 0.495191 -0.829089
1 -0.515512 0.365439
4 -0.511677 -0.189664
3 -0.425642 -0.351274
3 -0.720535 -0.845909
1 -0.309880 -0.782310
4 0.977622 -0.423612
4 -0.909943 0.989390
2 -0.281705 -0.193760
4 0.830540 -0.102203
2 0.803375 -0.090659
4 0.347223 0.393829
5 -0.188442 0.882152
4 0.259316 -0.543490
5 -0.691030 0.252327
1 0.769972 -0.541200
1 -0.096420 -0.047226
1 -0.575462 0.042831
2 0.343899 -0.722521
4 -0.372981 -0.891981
2 0.465512 -0.572254
5 -0.525083 0.774969
4 -0.150238 -0.413472
3 -0.448705 -0.637804
1 -0.098446 -0.328834
5 0.922256 -0.558862
5 -0.355704 0.344718
1 -0.024571 -0.714392
3 -0.220400 0.629507
4 -0.577285 -0.227122
3 -0.036372 -0.761610
1 -0.586118 -0.286692
1 0.774317 -0.920578
1 0.533257 0.147069
2 0.748707 -0.951377
5 0.732836 0.970879
5 -0.307882 0.131527
3 -0.395827 -0.893044
1 -0.924588 0.402908
5 0.824130 -0.658024
5 -0.802781 0.821956
2 -0.001945 -0.764161
2 -0.909788 -0.473492
4 0.768897 -0.940235
3 -0.673870 0.808472
3 0.554529 -0.942339
4 0.740418 0.266131
4 0.787377 -0.613344
2 -0.880056 -0.537931
3 -0.401630 -0.197449
4 -0.633974 0.516123
5 -0.627928 0.030530
1 0.607779 0.637094
5 0.439259 0.405991
5 -0.582191 -0.751527
5 0.444981 0.803002
1 0.475737 -0.940228
2 -0.361980 -0.636499
5 -0.576389 -0.516555
4 -0.355185 0.598167
3 -0.308357 0.964193
3 0.076780 -0.147383
5 -0.785893 -0.539604
4 0.361591 -0.583992
5 0.085193 -0.166183
3 -0.382733 -0.204850
2 -0.276646 -0.729113
1 -0.904428 0.425259
2 0.854446 -0.634777
4 -0.408258 0.010038
1 -0.868411 0.701682
1 -0.779737 0.294814
3 0.339467 0.508921
2 -0.904235 0.386865
5 -0.225594 -0.527942
2 0.701520 0.089325
2 -0.052012 0.812679
2 -0.745772 0.908251
1 0.923969 0.762697
4 0.109859 -0.129209
3 0.893916 0.518732
2 -0.357834 0.738995
1 -0.240615 0.594814
4 0.337001 0.690579
4 -0.153023 -0.018663
2 -0.325582 -0.317143
4 0.813362 0.630845
5 0.223193 -0.598575
3 -0.425365 -0.158254
1 0.774949 0.951605
4 -0.498347 -0.638127
2 -0.069961 0.004039
2 0.169591 -0.720223
2 -0.081936 -0.866870
3 -0.430245 -0.019892
1 -0.822849 0.654526
5 0.906577 0.984240
1 0.448681 0.207433
3 0.415389 0.782069
5 0.661146 -0.926630
2 -0.222306 -0.424977
1 0.412975 -0.978586
2 -0.696396 0.191005
4 -0.727305 -0.374579
5 -0.034931 0.195176
3 -0.877571 0.888680
1 -0.521001 0.795257
2 -0.017234 0.243938
2 0.887958 0.175679
3 -0.848751 -0.163175
5 -0.633854 -0.869128
3 -0.057084 0.543847
2 0.040077 0.847451
4 0.417016 -0.363502
1 -0.556563 0.601568
2 -0.550034 -0.759651
2 -0.888979 -0.280652
1 -0.727331 -0.781534
2 0.641751 -0.377223
1 0.825605 -0.225974
4 -0.917170 0.140172
1 0.431429 -0.916912
3 -0.198557 0.639518
2 0.362461 0.572886
2 -0.451099 -0.983677
5 0.446870 -0.533711
2 -0.766482 0.093662
2 -0.184576 0.366332
4 0.157620 0.524435
1 0.191847 0.866392
4 -0.937100 0.949222
4 0.064825 0.897004
4 -0.873050 -0.301553
2 0.552878 -0.939092
3 0.615304 0.126162
3 0.795651 -0.426968
2 -0.783653 0.322902
2 0.872743 -0.861674
1 -0.736042 0.812298
3 0.277950 0.520498
5 0.065969 0.583398
5 -0.489488 0.164576
4 0.070847 0.807878
1 -0.245651 0.877108
4 -0.989264 -0.991236
3 -0.683849 0.804415
5 0.087854 -0.462886
3 -0.046780 -0.073790
1 -0.298730 0.190168
2 -0.509893 -0.015529
5 -0.338311 -0.949560
5 -0.217507 0.077304
3 0.316653 -0.851849
3 -0.967092 0.418852
1 0.326423 0.945941
3 0.746101 -0.737908
5 0.255162 0.349946
5 -0.912874 -0.180481
2 0.573769 0.520789
5 -0.127290 -0.472751
1 -0.791499 0.705290
3 0.644042 -0.512217
4 -0.239488 -0.679212
3 -0.798789 -0.646304
2 0.519019 -0.803529
3 -0.154409 -0.541076
2 -0.507070 0.714087
4 0.193736 -0.682435
3 -0.179248 0.891334
4 -0.845711 0.280396
5 -0.527704 0.488897
5 0.357096 0.649292
5 0.319199 -0.073844
3 -0.537842 0.127367
1 0.540322 -0.353614
3 -0.951926 0.491977
2 0.334271 0.984908
1 -0.513234 0.694996
2 -0.541220 -0.484251
1 -0.532065 -0.329962
3 0.004340 0.142334
2 0.762386 -0.500570
1 0.008216 -0.665018
2 0.091185 0.313492
5 0.527851 -0.146186
3 -0.322660 0.418241
1 -0.714247 0.268864
1 0.608254 0.755630
2 0.764672 -0.269238
3 0.296072 0.198697
1 -0.375779 -0.280611
1 0.957620 -0.518224
3 -0.059690 0.489992
5 0.365509 0.097529
5 -0.081925 -0.374620
4 0.117027 0.302720
5 0.324309 0.588474
4 0.516499 0.713080
1 0.920038 0.477752
3 -0.160675 0.290176
3 -0.571349 0.914398
2 0.676663 -0.611630
3 0.940457 0.845032
2 -0.460766 0.210541
2 -0.548497 -0.871384
4 0.733938 0.761996
2 0.918263 0.086305
3 0.887803 0.119157
3 -0.870674 0.039195
2 -0.414742 0.878520
3 0.272592 -0.176477
3 -0.837036 0.016538
3 -0.948537 0.473348
1 0.946307 -0.987418
4 -0.577672 -0.019563
3 -0.443567 -0.285625
4 0.993259 0.148990
4 0.534911 0.553146
1 0.305995 0.682472
3 -0.445169 -0.215918
1 0.610196 -0.943325
4 -0.420042 -0.780361
5 -0.545557 -0.212546
3 -0.826040 -0.266239
2 0.620370 0.672441
4 0.195397 -0.771125
4 -0.467580 -0.261514
2 0.472101 -0.726602
3 0.530938 -0.904255
5 0.145323 0.166929
2 -0.361772 -0.222875
2 0.471008 0.873435
3 0.836679 -0.155770
3 0.159346 0.018190
1 0.010947 0.154913
3 -0.640663 -0.649690
3 0.905751 0.399083
4 0.117507 0.387536
4 0.882409 0.434826
5 -0.153865 -0.419851
4 -0.922409 0.218377
1 0.365723 0.205738
1 0.906197 0.042417
4 -0.282226 -0.281884
1 -0.220535 -0.754585
4 0.029949 -0.395247
5 -0.007044 0.026856
5 -0.789199 -0.339285
1 -0.781603 0.059476
2 -0.678262 0.905611
2 0.592008 0.983202
1 0.639403 0.865277
4 -0.923415 0.771475
2 0.357998 0.005601
3 -0.309694 -0.698582
3 -0.338826 0.331367
3 -0.017647 -0.675677
4 0.218967 0.051477
4 0.359469 0.786226
5 -0.581554 -0.892036
1 -0.426076 0.699972
1 0.947779 0.855727
3 0.043725 -0.551336
5 -0.334264 -0.676985
2 0.522215 0.013321
5 -0.375891 0.674495
3 -0.669243 0.173201
3 0.064260 -0.091480
2 -0.025169 -0.732010
3 0.428525 0.202788
2 -0.695817 0.776712
1 0.163043 0.724491
5 -0.596468 -0.231784
2 0.415497 0.950304
2 0.433063 0.988871
5 -0.731601 -0.387019
2 0.918751 0.460090
3 -0.073869 0.040702
1 -0.015013 -0.984467
1 -0.169930 0.960411
1 0.299468 -0.219054
3 0.985191 0.943989
1 0.042992 -0.136127
5 -0.450542 -0.720630
4 -0.104709 -0.771215
3 -0.229203 0.013537
1 -0.679201 -0.067712
1 0.560353 -0.625229
5 0.708428 0.359759
1 -0.359155 -0.293819
4 -0.223950 -0.477999
5 0.204319 -0.492808
1 0.357080 -0.933463
4 -0.205591 0.132347
2 -0.301606 -0.972361
4 0.107603 0.314788
1 -0.870207 0.635587
2 0.128425 0.195941
3 0.684112 0.420721
4 -0.744668 -0.938433
5 0.303315 0.353969
2 0.132244 -0.441711
1 0.421514 -0.568279
3 0.091009 0.226130
1 0.039875 -0.559124
2 -0.749769 0.548480
5 0.957771 -0.805375
3 0.630304 0.839403
1 0.161257 0.523515
2 0.084672 0.778847
1 0.197917 0.598514
1 0.833163 -0.269242
2 0.491953 -0.331376
3 0.217281 0.759633
5 -0.408692 0.315861
3 0.992974 0.566092
5 -0.290572 -0.959785
1 0.577822 -0.813128
1 0.642157 0.864481
1 0.643566 -0.050847
3 0.706541 -0.852930
4 0.639838 -0.503415
2 -0.868576 0.988539
3 0.571083 0.722172
3 -0.763128 -0.170168
4 -0.623758 -0.177194
3 -0.935909 -0.951414
1 -0.537082 0.626409
3 -0.298852 0.784918
1 -0.020755 0.428484
4 0.036189 0.651378
5 -0.308353 0.291216
5 0.594215 0.938993
1 0.165407 0.510076
5 0.012585 -0.736699
2 -0.308025 0.155895
5 -0.546190 0.219986
2 -0.227788 -0.800743
3 0.277486 0.416757
1 0.647241 -0.603997
3 -0.033851 0.432192
1 -0.051520 -0.876160
4 0.427397 0.718055
2 -0.588796 0.399815
1 0.117184 -0.587600
4 0.169347 0.620727
4 -0.955683 -0.925463
5 -0.032127 0.363101
4 -0.965810 -0.359413
2 0.401777 -0.712172
2 -0.285799 0.770330
4 0.678003 -0.281190
1 0.933022 -0.337441
2 -0.356615 0.073764
4 0.380177 -0.292700
1 -0.619730 0.876647
3 -0.463742 0.920964
3 -0.571415 -0.111163
4 -0.479832 0.439379
2 -0.455139 0.357509
5 -0.034443 -0.928290
5 -0.181554 -0.733934
3 0.827878 -0.800912
2 -0.444634 0.358825
3 -0.317331 -0.260997
3 0.738724 0.635625
1 -0.584493 -0.828116
5 -0.800469 -0.399531
5 -0.169696 0.636989
1 -0.898335 -0.818149
2 -0.822793 0.147408
3 -0.976922 -0.517794
4 -0.412240 -0.689915
4 -0.668646 -0.134549
1 0.148711 0.548121
1 -0.326631 0.286845
2 -0.408974 -0.781296
3 0.913295 -0.581765
2 0.157106 0.248540
1 -0.643351 0.866557
4 -0.086300 -0.439884
3 -0.941186 -0.416805
1 -0.046358 0.687307
1 0.080262 -0.464987
5 0.082060 -0.799923
1 0.822860 -0.126554
3 -0.284362 0.980824
5 0.780300 -0.589529
5 0.445431 0.567578
2 0.263904 -0.559421
2 0.264227 0.354279
3 -0.071689 0.413094
5 0.074602 -0.116912
5 -0.952671 -0.520297
5 0.885508 0.561763
2 0.788160 0.900975
5 0.494010 -0.383386
4 0.418564 -0.603086
1 0.761353 -0.641302
1 -0.614613 -0.861046
5 -0.124022 0.919533
4 -0.556963 -0.152155
5 0.109644 -0.561201
4 0.463558 -0.513872
4 -0.131163 -0.112011
2 -0.009454 -0.323851
4 0.985700 -0.829841
3 -0.038321 0.588723
5 -0.651871 0.866429
3 0.818509 -0.748184
4 -0.754180 0.644146
2 0.511058 -0.912817
4 0.222095 0.196827
3 0.816220 0.176737
4 -0.109952 -0.438073
3 -0.958009 0.552473
4 0.094909 -0.945475
4 -0.235558 0.016204
4 0.863593 0.880685
5 0.321442 -0.784454
3 -0.081755 -0.538634
4 -0.565419 -0.511223
5 0.315115 0.710872
4 0.150799 0.527092
4 0.472612 -0.582860
1 -0.317586 -0.540869
1 0.601070 -0.929608
1 -0.826467 0.351186
3 0.367423 0.214779
3 -0.055905 -0.463779
5 -0.227418 0.970818
3 -0.238432 -0.078248
5 0.354089 -0.246781
2 0.659789 0.904018
1 0.142227 0.892983
1 0.702944 0.091749
4 0.816134 -0.307181
4 -0.499798 0.382704
5 -0.799526 -0.249872
5 -0.702217 0.694223
3 -0.389361 -0.016843
4 0.384862 0.744725
1 0.164213 0.615166
5 -0.345563 0.274956
5 0.671752 -0.582817
3 0.622560 -0.363520
3 -0.451150 -0.031034
2 0.545533 0.469168
2 0.893403 -0.814006
2 0.972404 -0.516222
2 0.103978 0.094417
1 -0.793629 -0.520721
4 -0.253132 0.643493
5 -0.959416 -0.185718
1 0.238319 -0.513966
2 -0.154612 -0.891406
2 0.544207 0.173797
5 -0.580506 -0.280670
4 0.193837 0.129085
5 0.234660 0.101489
3 0.486058 -0.278180
1 -0.279387 -0.071809
2 -0.783754 -0.808588
2 0.327046 -0.768004
4 -0.770847 0.986667
1 0.548444 -0.167944
2 -0.979433 -0.623737
4 0.978009 0.312109
5 0.404619 0.022298
2 0.017223 -0.743042
4 0.113606 0.743016
4 -0.179242 -0.020018
2 0.523541 0.196228
4 0.869818 0.039626
1 0.546728 0.268780
3 0.709673 0.333576
1 -0.502435 0.870496
5 -0.540747 0.848505
1 0.656624 0.253124
5 -0.500567 -0.729653
3 -0.556269 0.900305
2 0.109849 -0.278937
4 0.220510 -0.239043
4 -0.961064 -0.369225
1 0.089358 -0.822497
1 -0.873553 -0.596471
2 0.995593 -0.098906
3 -0.242646 0.876699
5 -0.168776 -0.950324
4 -0.556255 -0.450891
4 -0.686775 0.509192
4 0.925721 -0.380959
5 0.034551 -0.644097
2 0.339609 -0.088809
4 -0.315706 -0.999451
4 0.814111 -0.873003
5 0.761153 -0.877410
4 -0.904958 0.396296
1 -0.206211 -0.256128
4 -0.770693 0.187618
5 -0.032123 0.500843
2 0.606753 0.942916
5 -0.033308 -0.022533
3 0.603940 -0.166572
5 0.388315 0.517723
1 0.866545 0.331834
3 -0.251695 0.609339
5 0.047510 -0.779266
1 0.223415 0.014523
1 -0.518300 0.760182
4 -0.710906 -0.271940
2 -0.877968 -0.665187
3 -0.425989 0.817857
2 0.381894 0.938149
5 0.617320 0.842816
5 0.853295 0.709361
2 -0.267380 -0.542334
3 -0.749114 0.505177
2 0.165449 0.244944
2 -0.176116 0.726645
2 0.669937 -0.467909
2 -0.466815 -0.345876
2 0.339349 0.744487
1 0.122980 0.126381
2 -0.743609 0.260053
3 -0.092474 0.629701
4 0.406847 -0.121327
3 -0.451789 0.129559
5 0.910310 -0.704992
1 -0.713069 0.635244
3 -0.059913 0.821533
5 -0.162345 -0.645282
1 0.586388 0.694067
3 -0.847022 0.333399
2 0.174069 0.589791
2 -0.445672 0.013669
5 0.127597 -0.063132
3 -0.325116 0.485079
5 -0.756300 0.395389
5 0.057460 -0.801327
5 -0.885782 0.655112
3 -0.780581 0.009120
2 0.495096 -0.404492
1 -0.484740 0.264839
3 -0.338194 -0.044740
4 0.101110 0.509589
5 0.170114 0.153538
3 -0.882208 -0.655226
4 -0.288619 -0.411526
4 -0.883670 -0.837714
4 0.672876 -0.207144
1 -0.465396 0.528627
3 -0.732598 0.540075
2 -0.789381 -0.944664
3 0.487236 0.233494
3 -0.646356 -0.665396
2 -0.249927 0.504719
2 -0.400278 -0.861137
1 0.934451 0.366596
2 0.180921 0.999278
1 -0.373936 0.672155
2 -0.757329 -0.276889
2 -0.131601 -0.009487
2 -0.394013 0.201132
5 0.608414 0.204721
5 0.566101 0.558365
1 0.549730 -0.175209
2 -0.313104 0.940865
5 -0.831163 0.875316
3 -0.244397 0.572589
2 -0.978992 -0.284995
4 -0.404378 -0.042323
2 0.215215 -0.657572
2 0.374883 -0.051585
4 0.589888 -0.443171
2 0.554739 -0.360718
3 0.854194 -0.810988
1 -0.825279 -0.124091
3 0.150462 0.044746
2 0.492800 -0.683299
1 -0.649232 -0.145938
2 0.397243 0.966036
1 0.166829 0.697603
4 -0.556720 0.072486
4 0.437215 0.178726
5 0.635872 -0.266535
2 0.909246 -0.412340
5 0.523763 -0.237619
1 0.079145 0.912843
4 0.026196 0.921995
5 0.062189 -0.727237
4 0.296835 -0.813642
2 0.005510 0.353187
5 0.572965 0.796467
2 -0.427517 0.233683
3 0.161534 0.385907
4 0.873515 0.295153
1 -0.225491 -0.181084
4 0.067764 0.898061
4 0.438469 0.440610
5 0.609524 -0.497201
5 0.667344 0.799634
4 0.691201 0.321496
1 0.412660 -0.105539
1 -0.277042 0.983296
1 -0.304369 0.144830
3 0.918121 0.534697
1 -0.755377 -0.174441
4 0.333506 -0.590325
2 -0.148416 0.848145
2 -0.191990 0.457669
1 0.037200 0.641365
2 0.969100 0.332566
5 0.737835 -0.254773
3 -0.664258 0.984537
4 -0.832668 -0.319832
1 0.384829 0.114641
4 -0.586169 0.359264
3 -0.738251 -0.307230
5 -0.475919 -0.939293
5 -0.772978 -0.131283
1 -0.050885 0.905917
2 0.987193 0.875017
3 -0.653232 -0.870795
2 -0.882845 -0.535053
5 -0.612809 0.148632
5 0.802056 -0.466539
4 0.267971 0.463645
3 0.559445 0.725394
1 -0.739405 -0.234173
3 -0.190111 0.509202
5 0.333205 -0.541683
5 0.497886 -0.554490
4 0.511485 0.308630
1 -0.213336 0.425786
1 -0.953620 0.812977
3 0.986264 -0.868615
1 0.557142 0.915709
1 0.003637 0.475154
3 0.142902 -0.747899
5 0.859226 0.061991
2 0.444267 -0.088452
1 -0.064774 -0.074214
4 0.333907 -0.562729
4 0.861792 0.740287
2 0.887329 0.786667
1 -0.454854 0.772932
2 -0.747223 0.846426
3 0.940404 -0.149937
2 0.353426 -0.490683
1 -0.951372 -0.631457
4 -0.746969 0.812811
2 0.432104 0.264389
3 0.056687 -0.401704
1 -0.493748 -0.023559
1 0.381604 -0.136230
3 -0.413716 0.408917
5 -0.561298 -0.821954
4 -0.793171 -0.881550
2 0.966463 0.988229
2 0.978198 -0.963143
5 0.568276 -0.710112
1 -0.413746 0.721992
1 -0.469982 0.295031
4 0.427405 0.801284
5 -0.934920 0.699240
3 -0.510577 -0.198124
5 0.203049 0.756931
3 0.763102 0.963760
5 0.689571 -0.553425
4 -0.874643 -0.575227
1 0.446038 -0.490599
2 -0.420469 0.095655
1 -0.022587 0.625673
3 0.973591 0.053079
4 -0.537437 0.118159
1 0.815305 0.607582
2 0.093316 0.326984
3 -0.450627 0.090086
1 0.156584 0.296009
1 0.235673 0.937718
2 0.867970 0.383757
3 0.306508 0.963288
4 -0.532961 -0.059299
4 0.438953 0.430644
5 -0.787849 -0.590441
5 0.717293 -0.775136
4 0.507959 0.834532
3 0.571909 -0.099743
2 0.599619 -0.943158
3 -0.409744 0.292515
2 -0.994333 0.676837
1 -0.553168 -0.016654
4 0.983652 0.450385
2 0.146145 0.405690
3 0.878070 0.617841
3 -0.755494 0.851486
4 -0.265124 0.359445
2 -0.964121 0.447706
1 0.459672 0.563677
3 -0.820526 -0.329714
5 0.353347 -0.324047
3 0.910977 0.639137
1 -0.051753 0.622789
1 0.442570 0.285287
1 0.367538 0.679709
4 -0.781583 0.924215
5 0.810512 -0.340909
2 0.237140 0.211322
1 0.564026 0.187346
3 -0.535895 0.366821
1 -0.343300 -0.279832
5 0.042484 0.147498
4 -0.588386 -0.904255
4 0.747481 0.538316
3 -0.510962 0.422206
2 0.364788 -0.843025
4 -0.907976 0.967487
2 -0.304943 0.204628
5 -0.254203 -0.231346
3 -0.123433 0.749111
4 0.677622 -0.594189
5 0.670983 0.964647
3 0.303482 -0.107387
5 0.075122 -0.359906
1 -0.351599 0.645484
4 0.385037 0.010272
4 0.078592 0.102296
2 0.431238 0.797354
2 0.511559 -0.456849
3 -0.220773 0.936070
4 0.930067 0.613693
3 -0.682572 0.801028
5 0.335935 0.104510
1 0.482892 -0.304016
5 0.168164 0.344385
2 -0.724357 0.245774
4 -0.943552 -0.675634
1 0.804741 -0.728043
2 -0.242338 -0.700132
5 0.511941 0.079095
1 0.498980 0.525515
1 -0.591818 0.842943
4 0.798383 0.695231
2 -0.918802 0.178123
3 0.520460 -0.137361
4 -0.394794 0.138282
3 -0.299776 0.194731
2 -0.586109 0.515824
4 -0.558736 -0.726513
4 0.011789 0.785428
2 -0.965264 0.800760
2 -0.328624 -0.791058
2 0.625396 -0.476322
5 -0.799721 -0.395124
5 0.471147 -0.874664
5 -0.397248 0.246894
2 -0.019869 0.947119
5 0.681877 -0.122638
5 0.171932 0.318627
4 -0.038144 -0.153232
4 -0.652773 -0.118496
5 0.774465 -0.930768
4 0.044646 -0.789020
4 -0.473589 -0.588740
1 0.702650 -0.601241
4 0.741529 0.001511
4 0.435043 -0.502006
5 -0.160361 -0.303776
4 0.760060 0.868156
3 -0.046032 0.346364
1 -0.033991 -0.790057
5 -0.737542 -0.499240
2 -0.199447 -0.938241
5 0.862327 0.104522
2 -0.954671 0.323524
1 -0.129981 0.065054
4 -0.058396 0.016449
3 0.476660 -0.627560
2 -0.110921 -0.867499
1 -0.863524 0.086469
2 -0.769358 -0.431170
3 0.722663 0.347640
3 0.283917 -0.851806
4 0.056151 -0.473127
1 0.755997 -0.427798
1 -0.145398 0.958573
2 0.987422 -0.099822
1 0.618236 -0.623162
1 0.428923 0.265917
2 -0.859530 0.918746
4 -0.285267 -0.334260
1 0.498940 -0.611597
2 0.300260 0.672320
3 0.163338 0.244823
1 -0.869061 0.000820
5 -0.061584 -0.628226
3 -0.189053 -0.640804
1 0.699927 -0.506215
2 0.477699 -0.560940
1 0.387973 -0.420470
2 -0.098932 0.810615
2 -0.017007 0.309556
3 -0.071089 0.126168
5 0.023023 -0.194142
4 0.644008 0.453149
4 0.869899 -0.608435
1 -0.945636 0.202512
4 -0.377346 0.418791
4 -0.399513 0.412843
4 0.844238 -0.199184
1 0.006734 -0.781764
2 0.351323 0.717581
5 -0.915685 -0.353507
3 0.005979 0.669516
1 0.172467 0.829877
3 -0.143872 0.699776
3 -0.088437 0.754140
1 -0.641102 -0.106853
2 0.783667 0.493634
5 0.647495 0.854224
3 0.123558 -0.139041
1 0.893884 -0.271366
3 -0.509882 -0.187051
3 -0.271128 -0.664720
4 0.773484 -0.975900
3 -0.728754 0.396580
2 0.160574 -0.175505
4 0.768766 0.183393
3 0.279397 -0.032940
3 -0.280776 0.130908
2 0.476218 -0.745534
3 -0.548551 -0.335298
2 0.660613 0.671172
3 0.516270 -0.599956
1 0.557795 -0.826472
1 0.945550 -0.038873
1 -0.966919 -0.361947
3 -0.608896 -0.593181
1 -0.841373 -0.797432
4 0.936136 0.438144
4 0.567869 -0.085637
2 -0.423086 0.882164
4 -0.685408 -0.940871
1 -0.134780 -0.908249
2 -0.732520 -0.834102
2 -0.789808 -0.888552
4 0.549484 -0.855471
2 0.713271 0.051986
3 0.576803 0.726965
2 -0.592604 -0.820547
1 -0.114751 -0.736326
1 -0.349728 -0.159412
5 -0.436355 0.155181
4 -0.335458 -0.463247
2 0.165483 0.320585
1 -0.127343 0.530777
4 0.024605 0.080261
1 -0.669041 0.309884
4 -0.955869 -0.113313
4 -0.523776 0.810436
4 0.830110 0.212037
3 -0.385290 0.862310
2 0.797827 -0.057693
5 0.040072 -0.876798
5 -0.625931 0.805037
5 0.873964 -0.322306
4 0.485307 -0.781348
2 0.757532 -0.450389
1 0.598095 0.110094
5 0.681975 0.586319
1 0.945308 0.416429
4 -0.011332 -0.452509
1 -0.643736 -0.654682
3 0.911745 0.385391
5 -0.996021 -0.724188
3 0.933150 -0.850224
2 0.393098 0.635083
1 -0.550341 0.908968
2 -0.183896 -0.976585
4 0.101940 -0.778257
3 -0.318139 -0.316597
4 0.473819 0.672071
2 -0.355561 -0.455313
1 0.273718 -0.543568
4 0.509848 -0.023237
1 -0.932633 -0.090087
4 0.302580 -0.180637
4 -0.243554 0.269022
2 0.276274 -0.398522
5 -0.093803 0.703419
3 -0.877561 -0.098368
3 0.787814 -0.624549
5 -0.999319 0.536242
2 0.075218 0.326312
2 -0.948502 0.352512
5 0.303590 0.419879
1 -0.294542 0.238812
1 -0.224887 -0.488390
4 -0.762615 0.787884
4 -0.244224 -0.305918
5 0.495910 0.332873
2 -0.080553 0.637040
5 -0.984944 -0.845927
4 0.655353 0.229291
2 -0.215214 0.797141
4 -0.109018 0.100731
1 -0.576556 -0.677459
3 -0.224730 0.097654
3 -0.087530 0.851391
4 0.651148 0.123519
1 -0.390402 -0.380571
2 -0.530321 0.538877
4 0.737916 -0.929715
2 -0.457606 -0.758010
3 -0.326815 0.026776
1 -0.843511 0.917759
4 -0.907624 -0.658797
2 -0.249277 0.116473
3 -0.562968 -0.971057
5 0.911225 -0.803556
4 -0.404147 0.322394
1 0.129706 -0.691575
5 0.300599 -0.953659
5 0.625565 -0.411264
1 0.696174 0.261921
4 0.563924 0.934762
5 0.565109 -0.972862
4 0.888835 0.294213
4 0.826567 0.731245
5 -0.867957 -0.841177
1 0.044687 0.271028
5 0.609464 -0.599266
5 0.713118 -0.782315
2 0.887057 -0.640398
3 -0.180661 -0.944224
1 -0.221602 -0.863948
4 0.687919 0.701161
2 -0.577708 -0.893652
1 0.305843 0.932915
3 -0.265311 -0.935041
3 -0.640021 0.625998
1 0.824015 0.235462
2 0.080124 0.464932
2 -0.101073 0.351989
4 0.306466 -0.312319
2 -0.024073 0.982431
1 -0.419850 0.670350
4 -0.272137 -0.391005
2 -0.830210 -0.568810
5 0.859315 0.165879
4 0.707662 -0.957790
4 0.343390 0.866225
1 0.379851 0.462701
3 0.633998 -0.122019
4 -0.235902 -0.815553
2 -0.533673 0.160374
3 -0.695393 -0.743124
1 -0.639599 0.501092
1 0.038894 0.670882
1 0.650303 -0.953451
2 -0.156977 0.754212
4 0.661741 0.097602
1 -0.767727 -0.006195
4 -0.732263 -0.372197
5 0.655191 0.908254
3 -0.753323 -0.625419
4 0.336947 0.195540
1 -0.902433 -0.927707
3 0.983534 0.627540
2 -0.699309 0.277843
2 0.783727 -0.879133
1 0.825325 -0.701040
5 -0.234148 -0.468766
5 0.169080 -0.201029
1 -0.549710 -0.029486
2 -0.567701 0.733544
5 0.574682 0.070491
5 -0.026058 0.684410
1 -0.609354 0.667944
1 0.994585 0.968635
1 0.645073 -0.731286
3 0.049773 -0.389609
1 -0.931573 0.376243
5 -0.402762 -0.454677
1 0.753853 0.511965
3 0.851426 0.944264
2 -0.676420 0.518947
3 0.991275 0.009241
3 -0.236033 0.916240
4 -0.352153 0.910825
4 -0.674078 0.555898
5 -0.358783 0.122023
1 0.255472 0.706802
1 -0.082687 -0.695960
4 0.378125 -0.425754
2 -0.190548 -0.574328
1 0.974323 -0.250747
3 -0.273963 0.256880
2 0.162161 -0.979153
2 0.266229 0.185046
2 0.855284 -0.972680
2 -0.286947 0.184889
5 -0.302435 -0.043287
2 -0.941680 0.874026
2 -0.519249 0.768504
5 -0.584853 -0.422044
3 -0.706193 0.068632
3 -0.792233 0.794669
5 0.130968 -0.043169
2 0.970409 -0.776940
5 0.237027 -0.405303
5 -0.940457 0.307750
5 -0.995918 -0.478332
3 0.655423 -0.420012
2 -0.872844 0.577091
1 0.173136 0.992238
2 0.161140 -0.197602
4 0.898397 0.010165
1 -0.074762 -0.858867
2 0.972926 -0.372106
4 -0.794340 0.864921
1 -0.017934 0.924464
4 -0.572990 -0.555102
2 0.345020 -0.899679
2 -0.346592 -0.256171
4 0.213948 0.916965
2 -0.131204 0.594457
5 0.592277 -0.990794
2 -0.889573 -0.065556
2 -0.898240 -0.092630
1 -0.683847 0.113030
4 0.125244 -0.388551
5 -0.725211 0.554811
3 0.429650 -0.100169
1 -0.802797 0.553239
1 -0.974504 0.283539
3 -0.637620 -0.847664
3 0.501661 0.744613
4 0.651108 -0.628608
4 -0.025609 -0.526848
1 -0.590783 -0.210695
4 -0.258333 -0.569099
3 0.514934 -0.294310
4 -0.783254 -0.348308
3 -0.948416 -0.151104
4 -0.369749 0.390744
4 0.642235 0.753124
5 -0.751323 0.254786
5 -0.135674 0.422246
2 -0.069229 -0.087011
4 0.904586 0.838558
4 0.024136 -0.419774
3 -0.761217 -0.904840
3 0.524594 -0.171742
3 0.710236 -0.120158
4 0.965469 -0.973555
3 0.504242 0.668681
5 0.711703 0.917358
3 0.663777 0.298036
1 -0.496405 -0.771193
5 0.300213 -0.350254
4 0.402489 0.673882
5 0.935666 -0.570982
2 0.690885 0.953612
5 -0.385851 -0.819800
5 0.869957 -0.854331
5 0.032862 -0.833736
1 0.948891 -0.605681
2 0.152410 -0.425551
3 0.778175 0.078044
3 0.316929 -0.105390
1 -0.305758 -0.702901
5 0.168133 -0.250883
3 0.737184 -0.043646
2 0.650846 0.570504
2 -0.555650 0.956813
4 0.780651 -0.010325
3 -0.214366 0.454918
2 0.707975 -0.392672
1 -0.555296 -0.614497
3 0.410241 -0.781215
3 0.541876 -0.086973
2 -0.619902 -0.402487
1 0.130985 -0.665303
2 -0.131811 -0.498105
1 -0.730760 -0.053755
2 -0.667687 -0.273103
4 0.078002 0.512531
3 0.701659 0.736858
3 0.416116 -0.818438
4 -0.791382 0.591804
4 0.895730 0.650032
3 -0.603707 -0.453518
1 -0.837675 0.677468
1 0.401064 -0.454343
1 -0.789694 0.331249
2 -0.023638 -0.820085
1 0.248446 0.257917
4 0.491800 -0.040424
2 -0.657518 -0.107955
1 -0.904980 0.617015
2 -0.933657 -0.970902
2 0.467046 -0.058257
4 0.465261 0.620421
2 -0.169122 0.021485
1 -0.817961 0.231791
3 -0.004203 -0.791846
3 -0.463548 0.456600
5 -0.377658 -0.051600
4 -0.554910 0.807234
1 -0.550600 0.902255
1 -0.438133 -0.515050
4 -0.159282 0.951996
5 0.666051 0.933610
1 -0.314795 -0.235512
1 -0.233633 0.462879
2 -0.821221 -0.541324
3 -0.712542 -0.004872
5 0.137703 -0.866178
2 0.980228 -0.421088
2 0.714798 0.028313
2 0.582735 0.590180
4 0.479771 -0.569102
1 -0.681450 -0.386699
3 -0.222250 0.298506
3 -0.225213 -0.418774
3 -0.996385 -0.239995
4 0.440598 0.563816
5 -0.149468 -0.298481
2 0.725219 0.198099
5 -0.076508 0.429249
3 -0.975980 0.011984
5 0.609498 -0.508245
5 0.663325 0.326657
1 0.650762 -0.895593
5 0.435392 0.395546
1 -0.833451 0.399162
3 0.872734 -0.160240
4 -0.425952 -0.793356
5 0.925537 -0.551785
4 0.855938 0.371707
3 -0.185348 0.395727
5 0.363546 0.005226
5 0.376042 -0.331449
5 0.485487 -0.164334
4 0.926143 -0.728942
1 -0.568327 -0.046041
3 -0.270087 -0.173307
5 -0.924384 0.917094
4 -0.360809 0.842631
2 -0.082784 0.698569
4 -0.375509 0.029573
4 0.343750 -0.606881
2 0.071116 -0.714487
5 -0.874860 0.771000
1 0.799924 -0.786504
1 -0.129746 0.161521
5 0.856098 0.891434
1 0.681702 0.967051
5 -0.769698 0.122594
3 0.227118 -0.960190
4 -0.888006 0.180653
2 -0.607403 -0.475597
3 -0.805222 0.595520
1 0.181862 -0.762988
3 0.520965 -0.963064
4 -0.868875 0.423542
3 -0.788403 0.279640
2 0.118762 0.477694
5 -0.540627 0.707997
1 -0.841033 0.451467
4 0.557130 0.563461
2 -0.498782 -0.527590
1 0.838425 0.183540
3 0.977497 -0.634597
5 0.887569 -0.597280
2 -0.472510 0.050197
4 -0.671068 0.778146
2 -0.461840 0.413260
1 -0.285560 0.872633
5 0.046017 -0.968400
3 0.417405 -0.894918
1 -0.030553 -0.393700
2 0.562244 -0.038923
2 0.750561 -0.061426
2 -0.824110 -0.173856
4 0.154508 0.869986
2 0.556669 -0.801082
5 0.238470 -0.262922
1 -0.602035 0.967870
1 0.781810 0.013888
2 -0.382878 -0.052355
1 -0.951401 0.917092
2 0.952487 0.995688
1 0.039916 0.746249
1 -0.507253 -0.561508
2 0.381003 -0.890648
3 0.319456 0.666021
3 0.036055 -0.095509
1 -0.834085 0.302457
4 0.684761 0.084267
4 0.751559 -0.782259
4 0.923439 -0.217308
4 0.217972 -0.264820
2 0.989935 0.775096
4 0.184120 -0.215805
3 0.720801 -0.834802
5 -0.356180 0.484654
2 0.765757 0.037062
3 0.624772 0.202977
2 -0.515638 0.404090
1 -0.642160 0.672001
4 0.695316 -0.888207
2 -0.050116 0.329765
2 -0.283508 0.319700
3 -0.254298 0.020172
5 0.213404 0.257325
4 0.790459 0.901145
5 -0.450113 0.666902
2 0.697454 0.808027
2 0.180183 -0.191259
4 0.747178 0.166582
1 0.048267 0.378250
4 0.132048 -0.671866
1 -0.532639 0.560978
4 0.577770 -0.693319
1 0.472374 -0.963563
2 -0.951471 0.826896
4 -0.890661 -0.106865
4 0.723562 -0.409410
1 0.057115 -0.712875
2 0.794759 -0.965697
1 -0.795596 0.598922
1 -0.274158 -0.269030
2 0.093397 0.714683
3 0.297005 0.292453
4 0.037138 -0.235172
1 -0.965404 0.329709
5 -0.066801 0.439048
5 -0.984943 0.678963
2 0.421294 -0.263922
2 0.636273 0.047189
3 0.017833 0.251593
5 -0.706004 -0.506213
3 -0.585356 -0.896463
1 -0.903729 0.916894
5 -0.915421 -0.045968
5 -0.374323 -0.011372
4 0.510023 -0.561820
5 0.287504 -0.030411
3 0.655576 -0.609116
3 -0.172876 -0.972843
3 -0.967024 0.561342
3 0.354103 -0.628310
1 0.406200 -0.213665
3 0.172980 -0.117394
2 -0.251434 0.483538
2 0.088980 -0.374433
2 0.275456 -0.864410
4 -0.099020 0.423094
4 -0.278181 0.595022
5 0.795088 -0.577853
4 0.399195 -0.028525
3 0.287600 -0.674422
4 0.669792 -0.751870
4 0.639169 0.937463
2 -0.958208 -0.313971
5 0.914800 0.775010
2 0.292789 0.050466
4 0.108957 -0.532202
4 0.894715 0.189617
3 -0.895939 -0.015295
2 -0.659436 -0.099747
3 -0.345238 -0.295795
3 0.340650 -0.626003
1 0.329225 -0.470482
4 -0.799594 0.087662
3 0.071478 0.002463
5 -0.431884 -0.704748
3 -0.799655 0.920561
1 0.772020 0.815277
5 -0.061283 -0.564310
3 0.043914 -0.223745
3 -0.363062 0.431017
3 0.071892 0.288019
2 0.754977 0.133596
5 -0.624475 0.334002
4 -0.801545 -0.078168
2 0.796394 0.489949
1 0.477504 0.690294
3 0.110059 0.462314
2 -0.035064 -0.082617
2 -0.679130 0.961297
4 -0.422943 0.114587
3 -0.946199 -0.813520
4 -0.579106 0.941457
5 -0.198847 -0.166665
5 -0.214574 0.031790
2 -0.711485 0.344536
3 -0.396793 -0.177960
2 -0.161539 -0.551548
3 0.405344 0.413388
2 -0.592082 -0.749390
1 -0.813254 0.344019
4 -0.570704 0.397820
1 0.959864 -0.664934
3 -0.375971 0.136219
5 0.138548 -0.562003
2 0.091251 0.242864
4 -0.466096 0.846072
4 -0.816798 0.200885
3 0.294815 -0.393770
3 0.840163 0.014148
3 -0.136840 0.717246
2 0.000745 -0.853458
4 0.324810 -0.893593
5 -0.893315 -0.269564
1 0.721894 -0.614664
1 -0.114754 0.992939
5 0.909486 -0.473157
4 0.755766 0.226398
5 -0.949501 -0.478787
2 -0.725029 -0.122272
5 0.266406 0.740888
1 0.085507 -0.258366
1 0.335133 -0.933556
3 0.403472 -0.310519
1 0.640735 -0.588624
4 -0.684005 0.812974
3 -0.249529 0.722460
4 0.031020 0.478226
4 0.028806 0.528725
2 0.632822 -0.679951
2 0.767338 0.586455
2 0.619100 0.188314
3 0.617405 -0.476553
5 -0.761531 -0.556728
1 -0.893679 -0.915993
2 -0.640491 -0.083646
1 0.121989 0.666825
3 -0.072336 0.214197
5 0.959737 -0.240645
5 -0.970625 -0.091471
4 0.493093 -0.324133
1 -0.302301 -0.188680
1 0.160292 -0.571275
3 -0.277967 0.183547
2 -0.543097 0.289868
4 0.119502 -0.834270
5 0.595074 0.287719
3 0.793107 -0.268265
5 0.469366 -0.308528
3 0.190702 0.237199
2 0.232088 -0.269708
2 -0.140072 0.427991
2 -0.807565 0.104635
4 0.532038 0.826668
1 0.831264 -0.716428
2 -0.269150 0.919426
2 0.063141 0.514500
3 0.062258 0.307607
3 -0.208075 0.293325
5 0.280947 -0.515972
4 0.194850 0.716116
1 0.784621 0.092396
4 0.185712 0.284832
5 0.531881 0.333222
5 0.577948 0.680838
4 -0.086116 -0.071960
5 -0.068098 0.991182
1 -0.762361 0.569792
5 -0.724889 -0.638283
1 0.520407 -0.840984
4 -0.997098 0.353867
2 0.215689 0.654840
5 0.856468 -0.159447
2 -0.881766 -0.111214
1 -0.793332 -0.016914
5 0.095027 -0.586677
2 -0.580837 0.345225
4 -0.258552 0.582865
2 -0.112307 0.857976
1 -0.672737 0.378384
5 -0.232787 0.897638
2 -0.076721 0.113328
2 0.204445 -0.030204
2 -0.229556 0.088030
5 0.669664 0.811050
4 -0.233925 0.422429
2 -0.209473 0.841593
4 0.322512 0.099393
4 0.424290 0.987086
3 0.887786 -0.169299
4 0.026650 0.597914
2 -0.964267 0.037545
5 -0.300344 -0.241657
1 -0.279515 0.528787
3 -0.853549 0.198451
1 -0.444496 -0.519121
2 0.894232 0.787758
5 -0.421814 0.110270
1 -0.154996 -0.465439
2 -0.997497 -0.061301
1 -0.461614 -0.518299
2 -0.028092 0.033786
5 0.035109 -0.750206
3 -0.931893 -0.029721
5 -0.294514 0.633083
3 0.153916 -0.295061
4 0.541128 -0.400828
2 -0.713716 0.177358
3 -0.869166 -0.461286
1 -0.521177 0.057570
2 -0.826135 0.595956
5 0.466821 0.084216
3 -0.169973 -0.880674
2 -0.048424 -0.296215
4 -0.398088 0.409271
2 0.450700 0.079540
3 0.813070 0.137020
5 0.446847 0.423304
5 -0.292754 -0.929509
2 -0.497794 0.065666
2 -0.731431 0.239531
5 -0.483367 0.222704
2 -0.685165 -0.947268
5 -0.120817 0.004308
5 -0.586189 0.606221
3 -0.902126 0.573273
3 -0.513123 0.386343
3 0.991403 0.349542
3 -0.326712 -0.943212
1 -0.073409 -0.441006
2 0.721112 0.343915
5 -0.372059 0.860548
4 0.135339 -0.308265
3 -0.721585 0.570919
2 -0.874724 -0.498918
5 0.381409 -0.401043
5 0.717081 0.602186
3 0.706126 0.593589
3 0.118475 -0.733123
1 -0.398685 0.193468
3 0.666173 0.430932
3 0.970562 -0.424774
4 -0.985993 -0.773083
4 -0.889815 -0.494667
5 0.727023 0.146961
5 -0.049918 -0.471630
2 -0.737234 -0.238196
5 0.478145 -0.532070
4 -0.956933 0.586405
4 -0.335222 -0.295928
4 -0.121813 -0.629755
2 0.919159 -0.142841
5 0.853384 -0.128834
2 -0.520655 -0.018649
5 -0.323776 -0.291626
2 0.890538 0.658456
4 -0.779839 -0.562426
5 -0.848030 -0.567928
5 -0.806279 -0.008509
2 -0.497651 -0.827379
4 -0.479203 0.050808
1 -0.513470 -0.030032
5 0.027489 -0.176648
2 0.795366 0.302697
3 0.584927 -0.504726
5 -0.478550 -0.097836
3 -0.497304 0.638678
3 0.245745 -0.693000
2 -0.543275 -0.499279
3 -0.713187 0.519422
5 -0.179026 -0.959780
3 0.725379 0.043102
3 -0.996704 -0.929408
3 -0.363973 0.865958
5 -0.233539 0.967237
1 0.605270 -0.511312
3 0.135240 -0.008616
1 -0.413568 -0.762871
1 0.502400 0.210206
5 -0.106493 -0.986628
2 -0.542764 -0.165654
4 0.071774 0.076077
2 0.172631 0.079373
1 -0.386807 0.715400
1 0.872805 -0.001786
3 -0.855958 0.119836
3 0.317444 -0.744924
4 -0.870476 0.357860
1 0.764957 -0.139740
2 0.901111 0.753768
1 -0.926961 -0.272644
2 -0.714812 0.799130
5 -0.943209 0.488114
3 -0.584662 -0.382341
1 -0.360157 0.006816
2 -0.168415 0.150859
3 -0.455280 -0.531697
2 0.249238 0.114180
2 -0.292762 0.395489
5 0.891797 0.296600
5 0.089727 0.885991
1 0.122004 -0.312469
2 -0.253290 0.260674
3 0.450789 0.676012
2 0.870269 -0.684145
1 0.804315 0.663793
5 0.374550 -0.791487
5 0.199861 0.974103
2 -0.616968 -0.318658
1 0.459168 0.089491
3 -0.710928 -0.820782
2 0.846333 0.817574
3 0.719076 0.080636
3 0.079933 -0.468574
5 0.574801 -0.598305
3 0.076486 -0.277637
3 -0.754618 -0.903087
1 -0.601066 0.296774
1 -0.816983 -0.803842
5 -0.153762 0.655327
1 0.838762 -0.539249
5 -0.282722 -0.692916
1 -0.200322 -0.973840
3 0.626400 0.622445
4 -0.354514 0.197247
1 -0.503220 -0.209915
4 -0.988133 0.551820
4 -0.748181 -0.532894
3 -0.534125 -0.349877
4 0.877624 -0.987287
3 -0.621135 0.851476
4 0.575676 0.085106
4 0.106413 0.884784
1 0.201435 -0.972464
2 -0.655765 0.189375
1 0.888731 0.686155
3 -0.328059 0.698023
3 0.552065 -0.533806
1 0.728962 -0.067931
5 0.134722 0.326046
3 -0.804191 -0.778737
1 0.717648 0.796939
3 -0.937077 -0.096648
4 -0.565642 -0.378860
1 -0.571761 -0.034625
3 -0.864281 -0.145894
3 0.149637 0.526048
3 -0.768274 0.594465
5 0.780922 0.323427
4 -0.503407 -0.025498
2 -0.291375 0.170311
5 0.804838 0.404311
4 0.986157 0.467234
4 -0.431388 0.901593
1 0.178604 -0.153816
1 -0.022029 0.498256
5 -0.020154 -0.352107
5 -0.320257 0.395971
5 0.878539 0.693245
4 0.493053 -0.810162
1 -0.050036 0.414816
5 0.144491 0.219654
1 -0.380396 0.722163
1 -0.969226 -0.709225
1 -0.936916 0.469380
5 0.577122 -0.552649
1 0.945266 0.427197
1 -0.127838 -0.376707
5 -0.122829 -0.498168
5 0.238311 -0.488763
4 -0.942398 0.977554
2 0.079908 0.122045
3 -0.009827 -0.741999
1 -0.115975 -0.194872
3 -0.320530 0.384564
3 0.321100 -0.038314
2 0.977337 0.423304
1 0.281468 -0.704534
1 -0.502078 0.688989
1 0.923973 -0.072699
5 0.539863 0.501255
4 -0.429431 -0.418837
1 0.337281 -0.912312
5 -0.657492 -0.028286
5 -0.845137 0.651184
4 -0.079755 0.488636
1 0.165683 0.465974
2 0.354671 0.263794
4 -0.833049 -0.721932
5 -0.486232 -0.281607
1 0.371823 -0.741743
3 -0.276217 0.345178
3 0.714141 0.198812
2 -0.037500 0.541320
1 0.532339 0.696183
2 -0.996906 0.132781
1 -0.080816 -0.185184
5 0.774931 -0.830513
1 0.442496 -0.147209
1 -0.200950 0.366559
4 0.599258 -0.261618
1 -0.582928 0.462166
5 0.816050 0.176307
2 0.819068 -0.344841
4 -0.206200 -0.296150
5 0.419716 -0.293056
3 -0.433027 -0.857519
4 -0.336148 -0.566236
2 0.057229 -0.607388
3 0.728674 0.191662
2 0.118513 0.307272
2 -0.233392 0.724345
5 -0.723766 -0.943253
4 -0.015328 0.875815
3 0.234431 -0.330385
5 -0.786923 -0.394317
4 -0.675496 0.172657
2 0.250747 -0.647139
1 -0.137170 0.410091
5 0.327704 0.655117
3 0.159138 -0.226370
2 0.728954 -0.943409
4 -0.206360 -0.150823
1 0.034633 0.833850
1 -0.552863 0.584633
3 -0.436509 0.797710
4 0.903141 -0.361434
3 0.901625 -0.594335
1 -0.666128 0.268496
4 0.158732 -0.403800
2 0.691606 -0.728310
4 0.531752 -0.483004
5 0.612596 0.310636
5 0.750186 -0.654731
5 -0.720056 -0.207594
5 0.995668 0.872249
5 -0.166572 -0.708257
1 -0.156155 -0.806632
1 -0.760172 0.043592
4 0.045901 -0.797676
2 0.507092 0.893930
2 0.774618 0.425683
4 -0.901266 0.554631
5 0.272028 0.304817
2 -0.720828 -0.898887
5 0.903653 -0.386866
2 -0.190508 0.446562
2 -0.129751 -0.193240
2 0.336672 0.046588
4 0.587942 -0.907511
4 -0.564587 -0.884066
4 -0.929073 -0.593096
4 -0.776563 -0.494362
5 0.686583 0.777667
5 -0.988649 -0.426809
5 0.128526 -0.523155
4 0.150654 0.802689
2 0.464525 0.189291
2 -0.511884 -0.474037
2 -0.444701 -0.369743
3 -0.175193 0.582023
2 0.504598 0.652950
1 0.610071 -0.607261
2 0.786528 -0.920678
4 0.784154 -0.392974
2 0.882893 0.735552
2 -0.405233 -0.113794
4 -0.246797 -0.649269
5 -0.765249 -0.161153
5 0.279239 0.910498
2 -0.583784 -0.264694
5 -0.814520 -0.243744
2 -0.638353 -0.117321
3 0.043453 -0.330793
3 -0.980722 -0.546639
4 0.568295 -0.663745
3 -0.889492 0.447374
4 -0.544589 -0.283071
2 0.989605 -0.048320
1 0.082466 -0.252729
4 -0.710767 0.163487
2 0.594374 0.865319
3 0.068818 -0.773033
3 0.452352 0.786772
5 0.915209 0.806051
4 -0.014908 0.890698
1 -0.693121 -0.998794
5 0.031224 -0.543382
4 -0.377348 -0.037425
1 0.052927 -0.954958
2 0.393701 -0.149373
1 0.502484 -0.038647
1 0.851172 -0.453477
5 0.082539 0.998876
2 0.499465 0.914085
5 -0.113895 0.415530
3 -0.391000 -0.761239
5 0.779269 0.786338
5 0.666467 -0.591010
2 0.538049 0.461918
1 0.640550 0.371971
3 0.422891 -0.125545
4 0.586903 0.241979
2 0.977882 -0.159130
3 -0.844367 -0.143312
1 -0.344212 0.742793
3 0.562992 -0.131854
4 0.955051 0.163767
2 0.836432 -0.169765
5 -0.319611 -0.115364
3 -0.914261 -0.474813
1 -0.141931 -0.535570
3 -0.408248 -0.948667
3 0.388310 -0.970785
5 -0.816255 -0.298800
3 0.409617 0.873340
4 -0.948981 0.436333
5 0.447534 0.907736
2 -0.369612 0.744169
4 -0.777768 -0.059090
1 0.792346 0.543001
5 -0.265569 -0.598930
5 0.583675 0.509174
5 0.158547 -0.102515
5 -0.393006 0.597582
2 -0.604224 0.007199
3 -0.556296 0.058218
3 0.876130 0.022104
1 0.955972 0.652492
5 0.898752 -0.608924
2 -0.790183 -0.816578
4 0.562421 0.434205
1 0.895807 0.017881
1 -0.719474 -0.307220
3 0.210812 0.299774
5 -0.157701 0.695551
1 -0.136522 -0.344393
4 -0.162658 -0.468262
5 -0.281058 0.004062
3 -0.138936 -0.097186
4 0.944095 0.628984
2 0.086480 0.707757
4 -0.370064 0.603565
5 -0.801082 -0.599557
1 -0.334615 0.611256
2 0.245786 -0.030093
5 -0.166614 -0.650263
3 0.995556 0.187079
3 -0.820170 0.906021
5 -0.467051 0.283437
1 -0.239207 0.743885
5 0.688411 -0.169635
3 -0.433414 0.976653
5 0.946291 -0.824429
3 -0.464872 0.357308
4 -0.576261 0.119446
3 -0.475746 -0.530816
5 0.796728 -0.018908
4 0.600940 0.160923
3 -0.074434 -0.789776
2 0.153006 -0.028983
2 0.009431 0.175780
5 0.089965 0.742367
3 -0.225936 -0.794990
2 -0.141394 0.256490
2 0.070757 0.680229
1 -0.230834 -0.279165
5 -0.699039 0.033915
3 0.536186 -0.365145
3 0.193785 -0.923227
2 -0.865178 0.229780
2 -0.180257 -0.244437
4 0.367734 0.845528
3 0.892379 -0.380408
5 -0.407405 0.994550
5 0.682823 0.581659
2 0.892498 -0.649174
2 0.087710 -0.348213
3 0.264014 -0.295675
5 -0.398759 0.898111
4 -0.334956 -0.967067
4 0.699865 0.369028
4 -0.056829 -0.263237
2 0.928843 0.145494
1 0.635878 0.738089
3 -0.400598 0.937264
3 -0.724140 -0.653885
1 -0.843198 0.950177
5 0.588011 0.214191
5 0.654075 -0.668216
3 -0.686735 -0.003172
1 -0.797765 0.213046
2 -0.153232 -0.843783
2 0.336829 -0.398588
1 0.479186 -0.246358
2 0.616094 0.869397
3 0.851013 -0.854743
3 -0.563242 -0.697941
5 -0.809358 -0.593578
1 0.165203 -0.939502
2 -0.962124 -0.109885
1 0.459833 0.092351
2 -0.749181 0.939119
1 -0.188728 0.792301
5 -0.999133 0.271487
3 0.961255 0.403933
5 0.858908 0.254946
2 -0.897325 0.691704
4 -0.187028 -0.601302
1 -0.262541 -0.919746
1 -0.006269 -0.881870
2 -0.753169 0.577963
3 0.229329 -0.654865
4 -0.115604 0.156407
5 0.140875 0.673627
3 -0.849003 0.634882
1 0.546868 0.493790
3 0.087997 -0.887182
4 -0.068815 -0.074210
5 0.697147 0.663249
4 0.039960 0.173332
1 0.272888 0.936515
1 -0.918185 0.682196
1 0.862565 -0.433408
1 -0.080735 -0.776180
3 0.247452 -0.625183
2 0.495924 -0.561962
5 -0.000657 0.526035
3 -0.289181 -0.542780
5 -0.179007 -0.329281
1 0.527773 0.710679
4 -0.647317 -0.016433
4 0.271908 0.581734
1 0.052621 0.444300
3 0.989741 -0.636435
5 0.116840 -0.872631
5 -0.604827 0.623293
3 0.167297 0.138989
3 -0.431409 0.849808
5 -0.104325 -0.329199
1 0.402361 -0.285074
1 0.082379 0.067609
5 0.215264 -0.144131
5 -0.486006 0.908490
2 -0.104331 -0.585417
4 0.501163 -0.952225
3 -0.002173 -0.557051
3 0.448881 -0.873402
2 -0.090382 -0.304810
5 0.860279 0.590865
3 0.481660 0.509578
4 -0.186280 -0.408043
3 -0.837949 0.807222
5 -0.424235 -0.162432
5 0.466483 0.733237
1 -0.279234 0.750753
1 -0.381230 0.264932
2 -0.859932 -0.286186
1 0.316706 -0.860216
1 0.826801 -0.999936
3 -0.959600 0.481724
2 -0.547426 -0.188204
1 -0.551292 -0.026153
5 0.300712 -0.934035
4 -0.422441 0.532448
3 -0.214659 -0.230433
3 0.040898 0.388337
1 0.739405 -0.955243
5 -0.435490 0.361464
4 -0.398843 0.704617
5 -0.771331 0.745017
4 0.882112 -0.286057
2 -0.872487 0.162652
2 -0.303513 -0.020284
2 -0.896970 -0.926373
2 -0.724485 0.375320
4 -0.801248 -0.583781
4 0.386922 -0.844376
1 0.805258 0.236486
5 0.847027 0.837643
2 -0.594789 -0.417336
2 -0.038528 -0.535223
5 -0.670472 -0.407710
4 0.704136 0.288777
3 -0.371643 0.908160
2 -0.882269 -0.816325
3 -0.623329 -0.617573
2 -0.976051 0.769350
3 0.715985 -0.909040
4 0.285836 0.937987
2 -0.439695 -0.140449
1 0.579791 -0.662625
5 0.313220 0.183255
5 0.242006 -0.112608
5 -0.849492 -0.967899
5 0.648989 -0.850168
5 -0.477209 0.042856
4 -0.670836 0.066805
1 -0.708839 0.299142
2 0.489644 0.101331
1 0.042122 0.661636
2 0.177265 0.241427
4 0.777184 0.070999
5 0.485746 -0.170643
2 -0.516915 -0.020135
3 0.388584 0.145207
3 -0.005890 0.667998
4 0.498415 -0.486485
1 0.772071 -0.195324
1 -0.346961 -0.189327
2 0.471994 0.852795
3 0.666853 0.546412
2 -0.800914 0.839949
3 -0.569073 0.325695
1 0.033808 0.808780
3 -0.814857 0.713716
5 0.486310 0.224178
1 -0.653315 -0.277407
1 -0.726135 0.011016
4 -0.467108 -0.819593
2 0.376898 -0.831246
5 -0.601108 0.835607
2 0.178665 -0.448955
1 0.029438 -0.018027
1 -0.774080 -0.984219
3 -0.081381 -0.282724
4 -0.759826 -0.280062
4 -0.737569 0.066623
5 -0.201797 0.856841
3 -0.861349 -0.610267
1 -0.710227 0.766632
5 -0.189958 -0.318124
4 -0.123277 0.860542
4 0.299706 0.406332
4 -0.467969 -0.851396
3 -0.394159 0.067223
4 0.877014 0.823749
3 0.405070 -0.397468
1 0.655719 0.400735
4 0.950088 0.539387
3 -0.575135 0.829160
2 -0.447956 0.155554
3 0.547534 -0.967723
2 -0.422282 0.848335
1 0.106226 -0.619633
5 -0.316780 -0.013792
1 -0.538861 0.379574
5 -0.041004 0.300996
5 0.039828 0.473067
5 0.493854 0.423156
2 0.821261 0.848021
4 -0.051996 -0.083582
3 -0.243377 -0.536048
3 -0.574215 0.558022
3 -0.982370 0.180601
5 -0.725568 0.863821
5 0.598457 -0.675040
2 0.262583 0.800308
3 0.529242 0.356489
1 0.196637 -0.149657
2 -0.080230 0.187956
5 -0.527936 -0.347688
3 0.179911 0.408935
1 -0.563612 -0.648928
5 0.541201 -0.114945
1 0.542732 0.159487
3 0.046824 -0.242056
5 0.930490 -0.463121
4 -0.884848 -0.417526
5 0.772882 0.779111
5 0.370120 0.215233
1 -0.184620 0.687297
3 0.693409 0.383561
5 0.035391 0.819949
3 0.935396 0.877502
3 -0.983999 0.420235
5 -0.523220 -0.016589
1 0.262520 -0.086099
2 -0.635080 0.029053
1 -0.176191 0.318288
4 -0.350607 0.204760
3 -0.820715 -0.463508
5 -0.638511 -0.253746
3 0.952628 0.781645
3 0.894840 0.717041
2 -0.277893 -0.750605
4 0.225213 -0.273825
5 0.002615 -0.494953
1 0.316897 0.386319
2 -0.786348 -0.789872
2 0.405871 0.375873
2 0.813323 -0.928490
2 -0.575576 -0.567001
1 -0.580913 -0.098020
1 -0.249949 -0.203180
5 -0.041483 -0.964720
2 0.619923 0.776845
4 -0.251613 -0.220539
2 -0.209247 -0.903642
1 -0.105124 -0.689990
2 -0.682713 -0.767767
2 0.460810 -0.438092
5 0.140826 -0.013667
1 -0.916552 0.921772
1 -0.192284 -0.328177
4 0.249025 -0.853308
1 -0.543919 0.766615
1 -0.094336 0.031355
4 -0.623353 -0.661540
4 0.233950 0.233336
2 -0.182267 -0.933025
5 0.777389 0.527785
4 0.324908 0.184964
4 -0.661869 0.784764
1 0.736981 -0.407520
1 -0.550996 0.841505
5 -0.770989 -0.186062
1 0.269512 -0.764045
3 -0.877823 -0.387398
3 0.071201 0.846552
4 -0.153413 -0.335715
4 -0.145794 -0.041973
1 0.940086 -0.200713
2 -0.987701 0.137418
2 -0.477364 0.390752
2 0.704796 -0.643892
5 0.550001 -0.414880
3 0.678173 -0.629016
5 -0.162300 -0.506839
3 -0.147961 0.564362
2 0.583362 -0.589051
5 -0.101988 0.781508
4 0.740447 0.721594
3 -0.715801 0.733894
4 0.129067 -0.743470
1 -0.949937 -0.522321
4 0.845269 -0.455968
4 -0.545586 -0.261443
3 0.299513 -0.907391
2 0.273567 -0.055352
4 0.094174 -0.471990
1 -0.388230 0.942374
4 0.603745 0.682821
5 0.395007 -0.516628
1 -0.159960 0.612439
2 -0.807823 -0.821145
3 0.384071 -0.975876
5 0.677436 -0.521462
4 -0.658214 -0.705596
3 0.499297 0.567971
1 -0.262478 0.178497
3 -0.613303 0.790267
2 -0.666268 0.910364
5 -0.997638 0.821724
5 -0.562411 -0.338236
4 -0.387005 -0.146058
1 -0.701216 -0.245635
3 -0.471395 -0.568199
3 0.496983 -0.226413
2 -0.442030 -0.210764
4 0.079957 0.526759
1 -0.870046 -0.570192
1 0.638677 0.279893
5 -0.169778 0.282255
1 0.021491 -0.763804
1 0.341551 -0.150808
5 -0.643181 0.664328
5 0.396211 -0.807066
3 0.946845 0.689917
1 -0.724468 -0.235760
4 -0.827810 0.844197
3 0.763697 -0.509496
2 0.145472 -0.354467
5 -0.046036 0.992107
2 -0.415821 0.013598
3 0.392511 -0.128498
2 0.571137 0.744673
1 0.987776 0.657236
2 0.868921 0.604081
4 -0.476347 0.879613
4 0.967621 -0.431845
2 -0.061651 -0.151795
3 -0.144763 -0.489971
1 -0.947982 0.463993
4 0.047406 -0.435475
4 -0.721010 -0.526612
3 -0.640233 -0.955474
1 -0.378776 -0.451346
2 0.075615 -0.066073
1 0.736275 0.457580
1 -0.355176 0.425202
2 0.913922 -0.636449
2 -0.810124 0.735140
1 -0.404989 0.787158
2 0.508606 0.350916
4 0.435800 0.629906
4 0.267199 -0.493975
2 -0.673080 0.127249
4 0.560228 -0.280784
1 -0.086030 -0.028156
2 -0.852674 0.616668
4 -0.534811 -0.953058
2 0.631257 -0.246830
4 0.307354 0.348181
4 -0.552555 0.373140
5 0.184765 -0.191060
1 -0.088174 -0.923861
2 -0.316588 -0.080589
3 0.520005 -0.004008
2 0.806878 0.909962
1 0.034979 -0.426360
1 -0.795366 0.038829
3 0.737840 -0.329914
3 0.522538 0.977441
1 -0.872902 -0.058762
1 0.566222 -0.357644
3 -0.364748 0.554182
5 -0.273340 -0.246054
1 -0.538330 -0.726048
5 -0.084104 -0.919170
5 -0.658034 0.632161
5 0.901056 0.836795
5 -0.976560 -0.909013
3 -0.101006 -0.870123
4 0.122729 -0.743025
5 0.235957 0.823197
1 -0.841876 -0.025199
3 0.672783 0.701462
1 -0.376794 -0.836868
5 0.085972 0.595380
2 0.458701 0.937346
3 -0.594929 -0.645246
3 -0.093378 -0.621806
5 -0.921741 0.277188
2 0.227338 -0.083731
4 -0.649641 -0.847774
1 0.599384 -0.173297
3 -0.081057 -0.500514
2 -0.007552 0.639044
1 0.856258 -0.274983
1 0.317249 -0.816282
2 -0.073246 0.105141
1 -0.626947 -0.988237
2 0.393988 -0.909977
5 0.061151 0.833713
4 -0.014710 -0.815928
3 0.248977 -0.700192
1 0.971114 0.218751
4 0.427417 -0.272449
4 0.046852 0.100161
3 -0.738333 -0.582589
1 0.930180 0.860517
5 0.953447 -0.766430
3 -0.645092 -0.856090
3 -0.450091 0.205062
3 0.661180 -0.293296
5 -0.075323 -0.527967
5 0.531229 -0.040500
1 -0.362733 -0.613083
5 0.898702 0.950122
1 0.885154 -0.271859
4 -0.428323 -0.341678
1 -0.636659 0.128121
2 -0.316880 0.999382
2 0.092923 0.065643
1 0.852790 -0.273177
2 0.313082 -0.832148
1 0.073181 0.699081
1 -0.431616 -0.147299
3 -0.208862 -0.248597
2 -0.885947 0.152910
4 -0.629268 0.724587
3 -0.512073 -0.912072
1 -0.161307 -0.228952
3 0.849722 -0.619677
2 -0.934188 -0.766886
2 0.504959 -0.937452
5 0.416139 0.135729
3 -0.196829 0.704113
4 -0.422880 -0.504749
5 -0.698808 0.125657
5 -0.246595 0.496389
2 -0.619708 -0.499332
2 0.651652 0.855714
2 0.438747 0.705436
1 -0.708515 -0.712400
2 0.871046 0.792559
5 0.618460 0.725050
4 -0.902340 -0.471779
5 -0.086792 0.105342
3 -0.003488 0.922886
5 -0.250922 -0.323709
1 0.709879 0.572935
2 0.791312 0.740939
1 -0.356206 0.696038
4 0.876599 0.987523
4 -0.624778 0.858570
1 -0.579959 0.993382
3 -0.883059 -0.908958
2 -0.965693 0.004251
1 -0.553075 -0.482885
2 0.985199 0.266194
3 -0.947433 0.492425
5 -0.379397 0.283738
1 0.044353 0.927532
5 -0.793757 -0.679517
3 0.655733 -0.304295
3 0.414135 0.632098
1 -0.102412 -0.734609
3 0.425614 -0.700301
1 -0.908314 -0.253376
4 -0.835708 0.248175
3 0.429541 0.300742
5 -0.732275 -0.562303
3 0.363200 0.998402
5 -0.845286 -0.795355
5 0.450104 -0.623269
2 -0.912289 0.790866
5 0.235053 -0.311546
2 -0.526562 -0.369580
3 0.232425 -0.277894
2 -0.491472 0.402750
4 0.567177 -0.167709
4 -0.881748 0.616368
1 0.953064 -0.020431
4 -0.768239 0.650635
1 -0.169060 0.617091
2 -0.357823 -0.778845
4 -0.398137 0.456208
5 -0.173059 -0.554002
3 0.351718 0.678424
1 0.139471 -0.813048
2 -0.824600 0.754130
5 0.028423 0.872382
4 -0.164505 -0.658202
5 -0.359030 -0.426441
2 -0.348909 0.920852
4 0.554294 0.079381
4 -0.751636 0.681244
4 0.630889 -0.491814
3 -0.323462 -0.623744
4 -0.555707 0.515728
3 -0.868849 -0.792520
3 -0.349699 0.752255
2 -0.214181 -0.412250
3 -0.066390 0.228721
2 -0.267964 -0.603836
4 -0.852446 -0.533190
5 -0.699421 -0.284825
2 -0.573835 -0.137584
5 -0.518603 0.538954
1 0.247757 -0.500401
1 -0.798931 -0.369249
1 0.424864 0.281052
1 0.037392 -0.416777
4 -0.008281 0.516833
2 0.519606 -0.234779
3 -0.515304 0.429128
3 -0.470832 0.729707
5 -0.745116 -0.844128
1 0.521490 0.153621
2 -0.352000 -0.598622
4 0.806591 0.118800
5 0.689013 -0.456336
4 0.323691 -0.902592
4 0.546119 0.089128
4 0.513620 0.125086
5 -0.090011 0.609782
3 -0.743184 -0.344698
1 -0.164829 0.426538
5 -0.207707 -0.051972
4 -0.195278 0.596029
2 0.316750 0.918972
4 -0.024119 -0.875663
5 0.916064 0.448028
4 -0.527826 0.510499
2 -0.454883 0.540471
3 0.383281 -0.549540
2 0.650574 -0.292723
2 -0.836074 -0.941200
5 0.349502 0.367445
4 0.688700 -0.311481
3 -0.054371 -0.994731
2 0.321357 0.497502
4 -0.242898 0.413566
5 -0.709745 -0.597908
4 0.428888 -0.052791
1 0.692607 -0.669509
3 -0.917540 -0.502583
5 0.127616 -0.338657
2 0.599311 -0.989155
5 0.019034 -0.784102
4 -0.448862 0.161527
4 -0.481434 -0.517116
3 -0.389669 0.756338
5 -0.849875 -0.437055
4 0.716771 0.991833
4 -0.176112 -0.799208
5 -0.618535 -0.716747
2 0.162672 0.927221
2 -0.480970 0.526532
4 0.242834 0.061918
2 -0.344842 -0.870592
4 -0.410897 -0.352026
1 -0.979450 0.258306
4 0.381916 0.924783
5 0.145375 0.641554
5 0.856043 -0.534558
3 0.413554 0.363260
3 0.468482 -0.474068
4 -0.298895 0.044962
4 0.944573 -0.712203
2 0.920292 0.459307
1 0.057537 -0.951590
2 -0.322333 -0.414688
3 -0.945864 0.967229
2 -0.490098 0.628956
3 0.473853 0.484999
3 -0.877755 0.414905
3 -0.913406 -0.116613
2 0.978165 0.584492
4 0.396268 -0.954583
3 -0.607359 0.965709
5 0.518423 0.023247
2 0.292180 -0.782734
2 -0.159406 -0.212246
1 0.797440 0.297656
4 0.428545 -0.228490
5 0.525092 0.410107
5 0.501251 -0.986946
4 -0.996658 0.991219
1 0.550395 0.387487
5 -0.582050 0.780128
2 -0.255189 0.814904
1 0.636435 0.107084
2 0.113371 0.947678
2 0.073888 -0.738529
5 -0.336639 0.690016
2 -0.745815 0.731460
5 0.776266 0.232711
4 -0.818266 0.236053
5 -0.311954 0.302800
2 0.239775 0.720750
2 -0.210082 -0.534438
1 0.363308 -0.381651
5 -0.329683 0.731720
1 -0.751272 0.321960
2 -0.842501 0.985321
5 -0.162219 -0.244142
5 0.444522 -0.467876
1 -0.935683 -0.286142
4 -0.324669 0.401904
4 0.190184 0.158031
2 0.485165 0.947950
1 -0.888597 0.311258
5 0.844724 0.981575
5 0.525724 -0.253345
2 0.984547 0.420507
3 -0.866614 -0.741712
3 -0.986315 -0.780838
2 0.126695 -0.200169
2 0.992110 0.991514
1 0.643974 0.181698
2 -0.950708 0.183215
2 -0.079828 0.294618
3 -0.590599 0.655695
5 -0.853298 0.181419
1 0.205963 0.165967
5 -0.233103 0.299353
5 0.083689 0.829391
2 0.932605 0.472438
5 -0.988269 0.464549
4 -0.990887 0.624875
4 0.164526 0.674167
4 -0.732110 -0.405661
5 -0.317488 0.520092
2 -0.888587 0.666794
1 -0.713030 0.389109
5 0.883034 -0.843994
4 -0.746262 0.239695
2 0.359956 0.688652
5 0.266005 -0.783265
4 0.163568 -0.257800
1 0.275533 0.906726
5 -0.429286 -0.309032
4 0.676865 0.373480
3 -0.561289 -0.998754
2 -0.618024 -0.711784
1 -0.992439 -0.828749
4 0.448851 -0.058659
1 0.235884 -0.698702
5 0.979003 0.567303
5 -0.296976 0.247224
2 0.051919 -0.477243
1 0.591334 0.609823
4 0.241439 0.286688
2 -0.588363 0.725399
3 0.764980 -0.376272
1 -0.492567 0.147641
2 0.405891 -0.403508
1 -0.939603 0.832376
4 -0.080094 -0.672269
4 -0.487497 0.030755
3 -0.152701 -0.400973
3 -0.878474 -0.293287
1 0.570370 0.948152
5 -0.090954 -0.123859
1 -0.234680 -0.358878
4 -0.090190 0.148555
5 0.741904 0.070798
2 0.515339 0.131195
5 0.590072 -0.432546
2 0.748460 0.079957
4 0.670425 -0.556392
1 -0.368501 -0.434865
4 -0.313956 -0.348143
4 -0.456370 0.560903
5 -0.873384 -0.673777
4 -0.666671 0.752385
1 0.687684 0.494289
5 -0.845118 0.009628
2 -0.029191 0.116052
1 -0.885533 0.380865
5 -0.711120 0.051290
1 0.578673 0.682789
3 0.575178 -0.114815
5 0.519836 0.428816
5 -0.143012 0.555432
5 0.351613 0.888761
5 0.511146 -0.907203
5 -0.774875 -0.235968
5 0.103003 0.734841
3 -0.968016 0.849308
3 0.073625 -0.345460
5 -0.441125 -0.250435
1 0.125612 -0.675256
1 -0.139442 -0.639068
2 -0.843593 0.734272
1 -0.705169 0.085886
5 -0.298007 -0.402968
2 -0.912908 0.338509
4 -0.001829 -0.042136
2 0.541655 0.506200
5 0.466004 -0.420174
3 -0.558357 0.655053
3 0.616423 0.297018
4 -0.807259 -0.842424
2 0.681522 -0.686016
1 0.758440 0.125167
2 0.724119 0.827160
1 -0.701053 -0.569396
2 0.637808 0.945128
2 -0.288491 0.486783
2 -0.849129 -0.047212
5 -0.755227 0.910783
4 0.604592 -0.956441
2 0.289156 -0.763700
3 0.851004 -0.565826
4 -0.852876 -0.807386
4 -0.954517 0.916733
4 0.057225 -0.267967
4 0.407477 -0.630159
4 0.231945 0.081350
2 -0.437387 0.232221
2 -0.526892 0.993346
3 -0.444992 -0.885709
2 0.417574 0.403447
2 -0.045932 0.770803
1 0.320899 0.917927
1 -0.187103 0.963410
1 -0.351593 0.536988
4 -0.085478 -0.055535
2 0.125765 -0.307238
3 0.340144 0.255375
1 0.023662 -0.755165
5 -0.382036 -0.200157
1 -0.744175 -0.266231
5 -0.870014 -0.795810
3 -0.045326 0.525089
5 0.971976 -0.145662
3 0.422363 0.502745
1 0.604784 -0.066380
3 -0.842955 -0.940615
2 0.790657 0.915881
4 0.689195 -0.060456
5 0.581079 0.557508
5 0.587254 -0.670314
2 -0.970420 -0.023976
2 0.726357 0.930698
1 0.857413 -0.580974
1 -0.531768 0.841390
1 -0.383961 0.446174
3 -0.775337 0.603219
4 -0.473951 0.910229
2 -0.400837 -0.884224
1 0.433464 0.696855
2 0.583960 0.800461
3 -0.531774 0.830041
4 0.556682 -0.927250
5 -0.313421 0.930163
1 -0.329186 -0.601604
3 -0.325853 0.014435
2 0.611099 0.239099
4 0.123789 -0.718500
5 -0.447639 0.397015
3 0.436828 0.346831
3 -0.604844 -0.069208
1 0.683170 0.399018
4 0.947209 0.472053
4 -0.341702 -0.325016
2 0.788413 0.345799
5 0.792623 -0.463702
3 0.243006 -0.336251
4 -0.703391 -0.696109
4 -0.706855 0.372604
2 -0.594543 -0.190568
3 -0.269024 0.720941
5 0.373308 0.404111
1 0.845681 0.351320
1 -0.609196 -0.990382
5 0.382443 -0.685616
1 0.288829 -0.892993
4 -0.790349 0.350013
1 0.402276 -0.837025
2 -0.123598 -0.027528
3 0.747543 0.894282
2 0.965515 0.141610
3 0.630632 -0.485081
5 0.211119 -0.123048
5 -0.736341 0.784109
1 0.991183 0.682904
5 0.580859 -0.028267
4 -0.776816 0.697737
4 -0.954389 0.100013
1 -0.828071 0.976415
4 0.670851 0.723958
3 -0.504442 -0.794174
3 0.041205 0.836458
4 -0.009036 0.047577
2 -0.191604 0.827588
1 -0.364554 0.818771
2 0.293232 0.915982
5 -0.941975 -0.344481
2 0.205535 -0.298870
3 -0.483979 0.389412
3 0.315331 0.060263
4 -0.991077 0.555821
5 -0.639523 0.113379
5 0.226951 -0.895657
4 0.486729 -0.087261
2 0.530616 -0.935463
5 0.257407 0.357769
3 -0.527717 0.932146
4 0.384897 0.137682
1 0.397524 -0.829945
3 0.902918 -0.998262
2 -0.867729 -0.989339
5 0.083802 -0.112510
4 -0.611857 -0.369207
5 -0.259939 -0.882478
1 -0.080433 -0.835510
4 0.434197 0.421897
5 -0.618839 -0.589467
2 0.983644 0.795430
1 0.319961 0.192954
3 0.529339 0.095872
1 0.315332 0.744496
4 -0.342854 0.344650
1 0.112340 0.732794
5 -0.295419 -0.010793
4 0.209561 0.908775
5 -0.704569 0.859324
4 -0.260929 -0.243163
2 0.631209 -0.259519
4 -0.822619 -0.939558
3 -0.106392 -0.893867
3 -0.872075 0.421465
4 0.372903 -0.921388
1 -0.461925 0.707304
5 0.817689 -0.071763
3 -0.752470 -0.862202
5 -0.674491 -0.566770
1 -0.141911 0.172301
3 0.801203 0.319862
1 -0.460254 0.497243
5 -0.012404 -0.609149
4 -0.468682 -0.481224
1 -0.664112 -0.591969
5 -0.998540 -0.053894
1 0.399827 0.280148
3 0.787401 0.527678
2 -0.916250 -0.630461
4 0.272127 0.743980
2 -0.299011 0.545183
4 0.903036 -0.398718
2 0.165525 -0.894770
3 0.050500 -0.363452
1 -0.643059 0.488788
4 -0.225303 0.490248
2 -0.100242 -0.109925
2 0.953055 0.193828
5 0.660503 0.277578
1 0.801181 0.066057
2 0.630512 -0.716602
2 -0.220295 -0.813566
4 0.426141 0.868312
4 -0.020220 0.435164
4 0.568547 -0.691543
4 0.081697 0.083155
5 -0.942694 0.982913
2 -0.686938 -0.547680
1 -0.387151 -0.887176
1 0.282174 0.914005
4 0.695480 0.544518
2 -0.829678 -0.159425
4 0.762797 -0.733283
1 0.460503 0.762849
5 -0.688892 0.847749
3 -0.349498 -0.070554
3 -0.003504 -0.013248
3 0.265269 0.299815
3 -0.788481 0.912664
2 -0.048300 0.711190
5 -0.242062 0.406671
3 0.363926 -0.906655
5 -0.843651 0.856142
4 -0.182916 0.832997
4 0.429336 -0.855894
3 0.833693 -0.205392
1 0.837557 -0.692544
4 0.824334 0.572725
1 -0.736569 -0.699403
2 0.331705 0.252297
2 -0.686016 -0.473413
5 0.357133 -0.593135
5 0.240857 0.079567
5 0.907651 0.896651
2 -0.146354 0.842339
5 0.131038 -0.807616
5 -0.145772 -0.970059
3 -0.919477 -0.629373
1 -0.393367 -0.365941
3 -0.921889 -0.517884
2 -0.255572 -0.203900
1 0.850119 -0.330415
1 -0.467196 0.910442
3 -0.895665 -0.665555
2 0.508863 0.188091
3 0.573850 -0.164519
3 -0.566556 -0.793938
4 -0.883153 -0.713415
2 0.889327 0.409571
3 0.962404 -0.995966
1 -0.679518 0.264814
3 0.205147 0.114934
3 0.013029 -0.835910
2 0.900479 -0.731575
3 -0.315420 -0.706360
1 0.827372 0.867490
5 0.678901 -0.699065
2 0.044020 -0.065866
4 0.296118 0.339813
5 -0.817725 0.818569
2 -0.416748 -0.860949
1 0.780329 0.344198
5 0.646991 -0.126421
5 -0.543201 -0.225942
2 0.084701 0.974990
5 0.933399 0.802363
5 0.617578 0.481264
2 -0.975829 0.041636
3 -0.282651 -0.662246
1 0.336451 0.036381
5 0.959587 0.619633
1 0.847537 0.916314
1 -0.149578 0.563305
1 -0.466252 -0.979895
1 0.001852 0.621158
2 0.763596 -0.929091
2 -0.090818 -0.795161
3 -0.127944 -0.770990
5 0.769063 -0.053640
1 -0.994116 -0.200837
5 -0.938727 -0.241250
5 -0.227934 -0.393713
5 0.343408 0.973061
2 -0.728022 0.023162
4 0.007311 -0.974986
5 0.201282 -0.695038
4 0.713968 0.214144
1 -0.775730 -0.913800
1 -0.707439 -0.628384
3 -0.301393 -0.622500
1 0.173738 -0.044875
3 0.268502 -0.756457
3 0.795933 0.586952
4 0.886670 -0.624718
3 0.030215 0.382593
4 0.794919 0.100227
1 0.146885 -0.185805
3 -0.296310 0.038466
5 0.005857 0.847379
1 -0.229263 -0.454014
3 -0.181573 -0.763924
1 -0.858780 0.504579
4 -0.413348 0.816864
3 0.521497 0.703534
3 0.995857 0.250102
3 -0.504770 0.045021
1 0.815918 -0.291742
1 -0.132898 0.928300
4 -0.995514 -0.065842
4 0.513487 0.704895
2 -0.567309 0.039674
4 -0.692979 0.697246
5 -0.058753 -0.199750
4 0.678776 -0.161900
1 -0.208412 -0.166043
3 0.803346 0.845539
1 0.915331 -0.822191
5 0.357863 0.044911
5 0.838862 0.049398
5 -0.832760 0.079237
2 -0.925692 0.511928
4 0.701101 -0.664698
5 0.865177 0.276549
1 0.329766 -0.044675
3 0.014241 -0.736734
2 0.948818 -0.933388
1 -0.555232 -0.501705
3 -0.834671 0.856158
4 0.814191 0.695020
4 -0.602790 -0.621388
1 0.201477 -0.030727
2 0.561770 0.186726
4 -0.864339 0.051904
5 0.509803 -0.618330
2 0.722045 0.912263
3 0.284596 -0.622567
2 0.209039 0.338553
4 0.311291 0.503883
3 -0.541546 0.318074
5 0.171368 -0.768364
5 0.479870 0.949465
3 0.300301 -0.972413
4 0.972386 -0.836751
3 -0.562628 0.673052
5 -0.625964 0.911450
5 -0.426035 0.196046
5 -0.159493 -0.078563
4 -0.361953 -0.767272
4 0.775394 0.207535
5 0.124114 -0.621097
1 0.367798 -0.624875
2 0.097107 -0.808221
4 0.496790 -0.319483
5 0.464730 0.117890
3 -0.669309 0.491926
5 0.108916 -0.934109
1 0.297277 0.422750
4 -0.692160 -0.939202
4 0.338638 -0.647456
4 -0.279786 0.993010
4 0.817075 0.360808
5 0.379753 -0.025733
4 -0.546334 -0.528942
3 -0.276467 -0.547860
3 -0.849900 -0.217169
1 -0.479179 -0.591901
5 0.571236 0.705377
5 -0.940559 -0.470431
5 0.296727 -0.615440
5 0.225195 0.104774
5 -0.951081 -0.078151
1 0.764120 -0.698398
3 0.671100 0.271621
3 -0.741403 0.995154
3 -0.519663 -0.338394
2 -0.805998 0.698779
3 -0.510089 0.270015
5 -0.275077 0.845809
5 0.537084 0.142536
5 -0.298210 -0.115917
1 0.343155 0.449354
1 -0.621968 0.213474
5 -0.612824 0.400926
3 0.383731 0.659524
4 -0.683927 -0.860139
2 0.063951 -0.149785
1 -0.780071 0.340127
4 0.081283 -0.418598
5 -0.011441 -0.881514
3 0.280395 -0.179723
1 -0.322994 -0.320216
1 0.511818 0.574168
2 -0.351768 0.961344
4 -0.911028 0.345075
3 0.524865 -0.822499
1 -0.344931 0.241452
1 -0.032301 0.461381
5 0.583049 0.059017
4 -0.955792 -0.436072
1 -0.835745 0.844324
5 0.168386 0.037682
4 -0.861777 -0.450500
4 -0.162114 0.714084
3 -0.577876 0.803056
1 -0.817762 0.844274
4 -0.917787 -0.500657
1 0.348756 0.983394
5 -0.528223 0.566444
4 -0.823799 0.610652
2 -0.484537 -0.708740
3 0.675002 0.975998
5 -0.969323 -0.885779
5 0.960520 -0.047893
5 -0.631941 0.890584
3 -0.879326 -0.927178
2 -0.432858 -0.328612
2 -0.228585 -0.463504
2 -0.046579 0.524625
3 -0.805556 0.700826
5 0.999395 -0.783711
2 -0.318625 -0.592357
5 0.884684 -0.561680
3 -0.846154 -0.084808
3 -0.862908 0.283252
2 0.923394 0.920278
1 -0.929677 0.003773
1 -0.283406 0.775188
2 0.862612 0.244961
3 -0.424926 0.439405
1 0.414541 0.955152
3 0.061619 -0.363473
1 -0.831656 0.037564
4 0.905641 0.191410
1 0.111398 0.328502
5 -0.275909 0.251896
4 -0.590393 0.838571
2 0.282862 -0.444834
2 0.208966 -0.065870
3 -0.340305 -0.974443
3 0.811250 0.956450
2 -0.788201 0.018069
5 0.019992 0.702765
4 -0.733495 0.608407
4 -0.055438 0.236157
3 -0.094128 0.960249
4 0.303812 -0.630144
1 -0.810827 -0.830930
4 0.366074 0.378036
1 0.787936 -0.962269
5 -0.834445 -0.634666
5 -0.501674 -0.422867
2 0.983977 0.597125
2 -0.492808 -0.620018
4 -0.778183 0.840897
2 0.264944 0.263121
3 -0.923680 -0.433067
4 -0.273733 -0.243894
4 0.931380 -0.361468
3 0.103327 -0.573532
1 -0.699168 0.108375
5 0.971138 0.606701
1 -0.340486 -0.892969
1 0.567008 -0.385777
1 0.566556 -0.163959
3 0.318614 -0.899015
4 0.030921 -0.822695
2 0.629436 0.419924
5 -0.602978 0.867656
2 -0.457356 -0.029016
2 0.242349 0.788168
2 -0.176259 0.759306
5 -0.017734 -0.064827
1 0.254268 -0.497819
5 -0.577395 -0.414911
3 -0.084513 -0.579944
5 0.187842 0.967329
3 -0.972870 0.596766
2 0.622524 -0.489860
4 -0.627198 0.052784
3 0.549548 -0.188515
1 -0.648979 -0.848422
4 -0.240804 0.133844
2 0.790753 -0.095535
5 -0.079818 0.327070
5 0.918356 -0.241090
1 0.017516 -0.536896
5 -0.189667 -0.509765
3 -0.976926 -0.887241
3 0.103472 0.001914
2 0.671206 -0.448538
5 -0.972892 0.418836
3 -0.857683 -0.821968
5 0.709050 -0.514863
2 0.777965 0.921672
4 -0.568031 0.840028
1 -0.977619 -0.142456
1 0.063770 0.667877
1 -0.781722 -0.792696
2 -0.600723 0.310776
1 0.633061 0.498335
1 0.678330 0.525443
2 -0.608471 -0.815888
1 -0.245075 0.893163
3 -0.460862 -0.812520
2 0.650422 -0.380551
1 -0.963033 0.158182
5 0.402969 -0.261696
5 -0.257146 -0.043418
4 0.228203 0.872212
2 -0.800887 0.505273
2 -0.245810 0.183603
1 -0.271897 -0.908516
3 0.396400 0.362762
3 -0.966517 0.901900
3 0.108589 0.552322
4 -0.459924 -0.894358
1 -0.687244 0.508611
1 -0.213983 -0.232182
5 -0.049770 0.996021
2 -0.058429 -0.288514
5 -0.568752 0.465677
5 0.962720 -0.806220
5 0.161952 0.590181
2 -0.229300 -0.859984
2 -0.433073 0.764957
2 0.498956 -0.178614
1 -0.894482 0.134142
4 -0.065967 -0.563489
2 0.235483 0.386741
3 0.925496 -0.155336
2 0.604431 0.275912
4 -0.016680 0.238632
1 -0.029954 -0.083063
4 -0.680466 0.687637
2 0.570923 -0.229084
2 -0.625366 -0.213776
3 -0.683309 -0.108257
5 0.767359 0.825776
1 0.985846 0.577611
4 -0.283295 0.503108
3 -0.840949 0.623891
3 0.583426 -0.392789
2 0.717934 -0.906390
4 0.442622 -0.586856
3 -0.659969 0.984067
5 0.002397 -0.124947
1 -0.513851 0.191744
4 0.620395 -0.040896
3 0.191152 0.461302
1 -0.851350 -0.821993
4 -0.532836 -0.146589
2 -0.938409 -0.563163
1 0.927355 -0.328877
1 -0.806297 -0.369902
5 0.180393 -0.029871
5 -0.062001 0.972526
5 0.481829 -0.541325
5 0.433755 -0.404578
1 0.211457 0.786574
3 0.599474 -0.548424
5 0.490600 -0.081260
3 0.005616 0.496684
3 0.644196 0.424039
1 -0.623614 -0.865906
4 -0.961927 0.830839
3 -0.799821 -0.231162
1 0.237338 -0.749332
3 0.466242 -0.799225
5 0.686954 0.928584
4 -0.147384 0.528058
5 -0.287362 0.018658
3 0.426070 -0.975725
4 0.609044 -0.815177
5 0.946790 -0.438790
4 0.430985 0.115635
1 0.885310 0.315814
4 -0.687840 0.069504
4 0.714038 0.052099
4 0.711337 -0.260947
3 -0.988437 0.591670
4 -0.236636 -0.179340
2 -0.566094 -0.236918
4 -0.366164 -0.627873
3 -0.742195 -0.164731
5 -0.467779 -0.733746
5 -0.362524 -0.332084
1 0.511569 -0.019923
5 0.669035 0.210467
4 0.510923 0.438156
3 0.797748 0.449719
5 0.612631 -0.270564
2 -0.553828 0.679694
4 -0.663307 -0.686469
3 0.895685 -0.428664
2 -0.467761 0.619909
4 -0.715572 -0.742615
5 -0.614865 -0.714693
4 0.038994 0.954342
1 -0.255047 0.981617
5 0.706317 0.779365
1 -0.224297 0.908348
2 -0.334251 -0.129127
2 0.318877 0.207566
3 -0.139515 0.619603
1 0.753713 -0.848158
1 -0.086804 -0.047378
3 0.256948 0.337757
2 0.097128 -0.623249
4 0.631424 0.638056
4 -0.363420 0.860725
1 0.091455 -0.363572
5 -0.724233 0.302177
5 0.139773 -0.378945
1 -0.166338 0.997892
4 0.098887 -0.732043
3 0.500374 0.181154
5 -0.840753 -0.045546
4 0.619778 -0.948418
2 0.551004 -0.800642
1 0.980199 -0.164062
1 -0.811241 -0.556254
5 -0.177980 -0.280487
2 -0.673846 -0.624362
4 0.554206 0.725652
1 -0.598139 -0.175461
4 0.401358 -0.158734
5 0.869829 0.516865
1 -0.807591 0.136643
3 -0.108259 0.203999
4 0.745481 0.700550
4 -0.540054 0.889310
5 0.810840 0.227682
3 -0.019736 -0.929811
3 -0.229258 0.624395
5 0.075465 -0.457391
2 0.648145 0.943967
3 0.918331 -0.669851
3 0.142971 -0.477442
3 -0.064455 0.930651
5 -0.072522 0.676132
5 -0.728298 -0.347569
2 -0.940329 -0.020377
2 0.083506 0.959887
1 -0.000670 -0.269370
3 -0.875545 0.806095
2 0.106823 0.970592
2 -0.585895 0.888923
3 0.754604 0.031894
1 -0.768254 -0.516209
5 -0.570760 0.411270
2 -0.156363 -0.800676
5 0.147343 -0.741005
4 0.195084 0.858853
1 0.829366 -0.141816
3 -0.911956 0.498991
5 0.405682 -0.394186
2 0.183640 0.536271
5 0.291747 0.290875
1 -0.561235 0.522621
3 0.516434 -0.531786
5 -0.213413 0.311851
4 -0.290828 -0.024454
1 -0.872268 -0.829369
5 -0.010173 -0.483651
1 0.098905 -0.395607
2 -0.953219 -0.989924
3 -0.551102 0.710068
4 0.256289 0.001816
4 0.095575 0.440581
2 0.935004 0.473367
1 -0.814297 -0.740046
